Initializing document watcher...
Document watcher initialized
yomz84_dm/src/App.tsx: {"tabSize":2,"indentSize":2,"insertSpaces":true,"cursorStyle":1,"lineNumbers":1}
yomz84_dm/src/App.tsx: {"tabSize":2,"indentSize":2,"insertSpaces":true,"cursorStyle":1,"lineNumbers":1}
yomz84_dm/src/App.tsx: Using EditorConfig core...
yomz84_dm/src/App.tsx: Using EditorConfig core...
yomz84_dm/src/App.tsx: {"tabSize":2,"indentSize":2,"insertSpaces":true,"cursorStyle":1,"lineNumbers":1}
yomz84_dm/src/App.tsx: Using EditorConfig core...
yomz84_dm/src/App.tsx: {"tabSize":2,"indentSize":2,"insertSpaces":true,"cursorStyle":1,"lineNumbers":1}
No more open editors.
yomz84_dm/src/App.tsx: {"tabSize":2,"indentSize":2,"insertSpaces":true,"cursorStyle":1,"lineNumbers":1}
yomz84_dm/src/App.tsx: {"tabSize":2,"indentSize":2,"insertSpaces":true,"cursorStyle":1,"lineNumbers":1}
yomz84_dm/src/App.tsx: {"tabSize":2,"indentSize":2,"insertSpaces":true,"cursorStyle":1,"lineNumbers":1}
yomz84_dm/src/App.tsx: {"tabSize":2,"indentSize":2,"insertSpaces":true,"cursorStyle":1,"lineNumbers":1}
yomz84_dm/src/App.tsx: {"tabSize":2,"indentSize":2,"insertSpaces":true,"cursorStyle":1,"lineNumbers":1}
yomz84_dm/src/App.tsx: {"tabSize":2,"indentSize":2,"insertSpaces":true,"cursorStyle":1,"lineNumbers":1}
yomz84_dm/src/App.tsx: Using EditorConfig core...
yomz84_dm/.git/COMMIT_EDITMSG: {"tabSize":4,"indentSize":4,"insertSpaces":true,"cursorStyle":1,"lineNumbers":1}
/tmp/c2f7c995-a53f-4f98-93da-870945e0e442: {"tabSize":4,"indentSize":4,"insertSpaces":true,"cursorStyle":1,"lineNumbers":1}
yomz84_dm/.git/COMMIT_EDITMSG: {"tabSize":4,"indentSize":4,"insertSpaces":true,"cursorStyle":1,"lineNumbers":1}
yomz84_dm/.git/COMMIT_EDITMSG: Using EditorConfig core...
yomz84_dm/src/App.tsx: {"tabSize":2,"indentSize":2,"insertSpaces":true,"cursorStyle":1,"lineNumbers":1}
yomz84_dm/Sesewa.ng/.git/COMMIT_EDITMSG: {"tabSize":4,"indentSize":4,"insertSpaces":true,"cursorStyle":1,"lineNumbers":1}
yomz84_dm/server.ts: {"tabSize":2,"indentSize":2,"insertSpaces":true,"cursorStyle":1,"lineNumbers":1}
yomz84_dm/server.ts: Using EditorConfig core...
yomz84_dm/server.ts: {"tabSize":2,"indentSize":2,"insertSpaces":true,"cursorStyle":1,"lineNumbers":1}
yomz84_dm/.git/COMMIT_EDITMSG: {"tabSize":4,"indentSize":4,"insertSpaces":true,"cursorStyle":1,"lineNumbers":1}
