2026-05-06 11:19:26.510 [info] Reading sessions from keychain...
2026-05-06 11:19:26.510 [info] Getting sessions for all scopes...
2026-05-06 11:19:26.510 [info] Got 0 sessions for ...
2026-05-06 11:19:26.510 [info] Getting sessions for all scopes...
2026-05-06 11:19:26.510 [info] Got 0 sessions for ...
2026-05-06 11:19:26.510 [info] Getting sessions for all scopes...
2026-05-06 11:19:26.510 [info] Got 0 sessions for ...
2026-05-06 11:19:26.756 [info] Getting sessions for all scopes...
2026-05-06 11:19:26.757 [info] Got 0 sessions for ...
2026-05-06 11:19:33.959 [info] Getting sessions for read:user,repo,user:email,workflow...
2026-05-06 11:19:33.960 [info] Got 0 sessions for read:user,repo,user:email,workflow...
2026-05-06 11:19:34.961 [info] Getting sessions for read:user,repo,user:email,workflow...
2026-05-06 11:19:34.961 [info] Got 0 sessions for read:user,repo,user:email,workflow...
2026-05-06 11:27:03.138 [info] Getting sessions for read:user,repo,user:email,workflow...
2026-05-06 11:27:03.138 [info] Got 0 sessions for read:user,repo,user:email,workflow...
2026-05-06 11:39:26.019 [info] Getting sessions for read:user,repo,user:email,workflow...
2026-05-06 11:39:26.019 [info] Got 0 sessions for read:user,repo,user:email,workflow...
2026-05-06 11:39:30.149 [info] Logging in with 'any' account...
2026-05-06 11:39:30.150 [info] Logging in for the following scopes: read:user repo user:email workflow
2026-05-06 11:39:30.260 [info] Trying device code flow... (read:user repo user:email workflow)
2026-05-06 11:40:44.824 [info] Getting user info...
2026-05-06 11:40:45.145 [info] Got account info!
2026-05-06 11:40:45.146 [info] Storing 1 sessions...
2026-05-06 11:40:45.841 [info] Reading sessions from keychain...
2026-05-06 11:40:45.841 [info] Stored 1 sessions!
2026-05-06 11:40:45.842 [info] Login success!
2026-05-06 11:40:45.915 [info] Got stored sessions!
2026-05-06 11:40:45.915 [info] Got 1 verified sessions.
2026-05-06 11:40:46.020 [info] Getting sessions for read:user,repo,user:email,workflow...
2026-05-06 11:40:46.020 [info] Got 1 sessions for read:user,repo,user:email,workflow...
2026-05-06 11:40:46.852 [info] Getting sessions for all scopes...
2026-05-06 11:40:46.852 [info] Got 1 sessions for ...
2026-05-06 11:40:46.898 [info] Getting sessions for all scopes...
2026-05-06 11:40:46.898 [info] Got 1 sessions for ...
