Initializing document watcher...
Document watcher initialized
yomz84_dm/.git/COMMIT_EDITMSG: {"tabSize":4,"indentSize":4,"insertSpaces":true,"cursorStyle":1,"lineNumbers":1}
yomz84_dm/.git/COMMIT_EDITMSG: {"tabSize":4,"indentSize":4,"insertSpaces":true,"cursorStyle":1,"lineNumbers":1}
yomz84_dm/.git/COMMIT_EDITMSG: {"tabSize":4,"indentSize":4,"insertSpaces":true,"cursorStyle":1,"lineNumbers":1}
yomz84_dm/.git/COMMIT_EDITMSG: {"tabSize":4,"indentSize":4,"insertSpaces":true,"cursorStyle":1,"lineNumbers":1}
yomz84_dm/.git/COMMIT_EDITMSG: {"tabSize":4,"indentSize":4,"insertSpaces":true,"cursorStyle":1,"lineNumbers":1}
yomz84_dm/.git/COMMIT_EDITMSG: Using EditorConfig core...
yomz84_dm/server.ts: {"tabSize":2,"indentSize":2,"insertSpaces":true,"cursorStyle":1,"lineNumbers":1}
yomz84_dm/server.ts: {"tabSize":2,"indentSize":2,"insertSpaces":true,"cursorStyle":1,"lineNumbers":1}
yomz84_dm/server.ts: {"tabSize":2,"indentSize":2,"insertSpaces":true,"cursorStyle":1,"lineNumbers":1}
yomz84_dm/Sesewa.ng/.git/COMMIT_EDITMSG: {"tabSize":4,"indentSize":4,"insertSpaces":true,"cursorStyle":1,"lineNumbers":1}
/tmp/66cffd42-a057-4092-add3-e5d38b9d3e77: {"tabSize":4,"indentSize":4,"insertSpaces":true,"cursorStyle":1,"lineNumbers":1}
/tmp/66cffd42-a057-4092-add3-e5d38b9d3e77: Using EditorConfig core...
/tmp/66cffd42-a057-4092-add3-e5d38b9d3e77: Using EditorConfig core...
yomz84_dm/Sesewa.ng/.git/COMMIT_EDITMSG: {"tabSize":4,"indentSize":4,"insertSpaces":true,"cursorStyle":1,"lineNumbers":1}
yomz84_dm/Sesewa.ng/.git/COMMIT_EDITMSG: Using EditorConfig core...
yomz84_dm/server.ts: {"tabSize":2,"indentSize":2,"insertSpaces":true,"cursorStyle":1,"lineNumbers":1}
yomz84_dm/.git/COMMIT_EDITMSG: {"tabSize":4,"indentSize":4,"insertSpaces":true,"cursorStyle":1,"lineNumbers":1}
yomz84_dm/.git/COMMIT_EDITMSG: Using EditorConfig core...
yomz84_dm/.git/COMMIT_EDITMSG: Using EditorConfig core...
yomz84_dm/server.ts: {"tabSize":2,"indentSize":2,"insertSpaces":true,"cursorStyle":1,"lineNumbers":1}
yomz84_dm/.git/COMMIT_EDITMSG: {"tabSize":4,"indentSize":4,"insertSpaces":true,"cursorStyle":1,"lineNumbers":1}
yomz84_dm/.git/COMMIT_EDITMSG: Using EditorConfig core...
yomz84_dm/.git/COMMIT_EDITMSG: Using EditorConfig core...
yomz84_dm/server.ts: {"tabSize":2,"indentSize":2,"insertSpaces":true,"cursorStyle":1,"lineNumbers":1}
yomz84_dm/server.ts: Using EditorConfig core...
