2026-05-06 09:03:34.118 [info] read schema from vscode: vscode://schemas/vscode-extensions
2026-05-06 09:03:34.342 [info] read schema from vscode: vscode://schemas/settings/configurationDefaults
2026-05-06 09:03:34.352 [info] read schema from vscode: vscode://schemas/toolsParameters
2026-05-06 09:03:35.170 [info] read schema from vscode: vscode://schemas/settings/resourceLanguage
2026-05-06 09:03:35.181 [info] schema change detected vscode://schemas/settings/configurationDefaults
2026-05-06 09:03:35.201 [info] read schema from vscode: vscode://schemas/token-styling
2026-05-06 09:03:35.203 [info] read schema from vscode: vscode://schemas/textmate-colors
2026-05-06 09:03:35.204 [info] read schema from vscode: vscode://schemas/workbench-colors
2026-05-06 09:03:35.578 [info] cancelled
2026-05-06 09:03:35.586 [info] read schema from vscode: vscode://schemas/vscode-extensions
2026-05-06 09:03:35.746 [info] read schema from vscode: vscode://schemas/settings/configurationDefaults
2026-05-06 09:03:39.162 [info] schema change detected vscode://schemas/settings/configurationDefaults
2026-05-06 09:03:39.170 [info] read schema from vscode: vscode://schemas/vscode-extensions
2026-05-06 09:03:39.325 [info] read schema from vscode: vscode://schemas/settings/configurationDefaults
2026-05-06 09:03:40.558 [info] schema change detected vscode://schemas/settings/resourceLanguage
2026-05-06 09:03:40.573 [info] schema change detected vscode://schemas/settings/configurationDefaults
2026-05-06 09:03:40.873 [info] read schema from vscode: vscode://schemas/vscode-extensions
2026-05-06 09:03:41.275 [info] schema change detected vscode://schemas/settings/configurationDefaults
2026-05-06 09:03:41.291 [info] read schema from vscode: vscode://schemas/settings/configurationDefaults
2026-05-06 09:03:41.820 [info] schema change detected vscode://schemas/settings/configurationDefaults
2026-05-06 09:03:42.076 [info] read schema from vscode: vscode://schemas/settings/resourceLanguage
2026-05-06 09:03:42.779 [info] cancelled
2026-05-06 09:03:42.787 [info] read schema from vscode: vscode://schemas/vscode-extensions
2026-05-06 09:03:43.043 [info] read schema from vscode: vscode://schemas/settings/configurationDefaults
2026-05-06 09:03:44.786 [info] schema change detected vscode://schemas/settings/resourceLanguage
2026-05-06 09:03:44.834 [info] schema change detected vscode://schemas/settings/configurationDefaults
2026-05-06 09:03:45.408 [info] read schema from vscode: vscode://schemas/vscode-extensions
2026-05-06 09:03:47.238 [info] read schema from vscode: vscode://schemas/settings/configurationDefaults
2026-05-06 09:03:48.394 [info] schema change detected vscode://schemas/settings/configurationDefaults
2026-05-06 09:03:48.527 [info] read schema from vscode: vscode://schemas/settings/resourceLanguage
2026-05-06 09:03:48.928 [info] cancelled
2026-05-06 09:03:48.931 [info] read schema from vscode: vscode://schemas/vscode-extensions
2026-05-06 09:03:49.106 [info] read schema from vscode: vscode://schemas/settings/configurationDefaults
2026-05-06 09:03:49.938 [info] schema change detected vscode://schemas/settings/configurationDefaults
2026-05-06 09:03:49.973 [info] read schema from vscode: vscode://schemas/vscode-extensions
2026-05-06 09:03:50.390 [info] read schema from vscode: vscode://schemas/settings/configurationDefaults
