2026-05-06 11:19:31.081 [info] [main] Log level: Info
2026-05-06 11:19:31.081 [info] [main] Validating found git in: "git"
2026-05-06 11:19:31.081 [info] [main] Using git "2.43.0" from "git"
2026-05-06 11:19:31.081 [info] [Model][doInitialScan] Initial repository scan started
2026-05-06 11:19:31.081 [info] > git rev-parse --show-toplevel [10ms]
2026-05-06 11:19:31.081 [info] > git rev-parse --git-dir --git-common-dir --show-superproject-working-tree [6ms]
2026-05-06 11:19:31.259 [info] [Model][openRepository] Opened repository (path): /home/yomz84_dm
2026-05-06 11:19:31.259 [info] [Model][openRepository] Opened repository (real path): /home/yomz84_dm
2026-05-06 11:19:31.259 [info] [Model][openRepository] Opened repository (kind): repository
2026-05-06 11:19:33.427 [info] > git rev-parse --show-toplevel [58ms]
2026-05-06 11:19:33.427 [info] fatal: this operation must be run in a work tree
2026-05-06 11:19:33.428 [info] > git config --get commit.template [69ms]
2026-05-06 11:19:33.429 [info] > git fetch [2171ms]
2026-05-06 11:19:33.647 [info] > git config --get commit.template [186ms]
2026-05-06 11:19:33.648 [info] > git rev-parse --show-toplevel [201ms]
2026-05-06 11:19:33.672 [info] > git for-each-ref --format=%(refname)%00%(upstream:short)%00%(objectname)%00%(upstream:track)%00%(upstream:remotename)%00%(upstream:remoteref) refs/heads/main refs/remotes/main [187ms]
2026-05-06 11:19:33.684 [info] > git rev-parse --show-toplevel [19ms]
2026-05-06 11:19:33.705 [info] > git for-each-ref --format=%(refname)%00%(upstream:short)%00%(objectname)%00%(upstream:track)%00%(upstream:remotename)%00%(upstream:remoteref) refs/heads/main refs/remotes/main [24ms]
2026-05-06 11:19:33.707 [info] > git rev-parse --show-toplevel [11ms]
2026-05-06 11:19:33.754 [info] > git for-each-ref --format=%(refname)%00%(upstream:short)%00%(objectname)%00%(upstream:track)%00%(upstream:remotename)%00%(upstream:remoteref) refs/heads/main refs/remotes/main [30ms]
2026-05-06 11:19:33.773 [info] > git config --get commit.template [21ms]
2026-05-06 11:19:33.773 [info] > git rev-parse --show-toplevel [35ms]
2026-05-06 11:19:33.778 [info] > git config --get --local branch.main.vscode-merge-base [11ms]
2026-05-06 11:19:33.805 [info] > git rev-parse --show-toplevel [10ms]
2026-05-06 11:19:33.805 [info] > git for-each-ref --format=%(refname)%00%(upstream:short)%00%(objectname)%00%(upstream:track)%00%(upstream:remotename)%00%(upstream:remoteref) refs/heads/origin/main refs/remotes/origin/main [19ms]
2026-05-06 11:19:33.832 [info] > git merge-base refs/heads/main refs/remotes/origin/main [17ms]
2026-05-06 11:19:33.841 [info] > git for-each-ref --format=%(refname)%00%(upstream:short)%00%(objectname)%00%(upstream:track)%00%(upstream:remotename)%00%(upstream:remoteref) refs/heads/main refs/remotes/main [38ms]
2026-05-06 11:19:33.842 [info] > git rev-parse --show-toplevel [11ms]
2026-05-06 11:19:33.842 [info] > git merge-base refs/heads/main refs/remotes/origin/main [19ms]
2026-05-06 11:19:33.859 [info] > git diff --raw --numstat --diff-filter=ADMR -z --find-renames=50% 632fed02e33c71c9b90a19b2ae5dc1bb3eea7f55...refs/remotes/origin/main -- [19ms]
2026-05-06 11:19:33.861 [info] > git rev-parse --show-toplevel [3ms]
2026-05-06 11:19:33.862 [info] > git diff --raw --numstat --diff-filter=ADMR -z --find-renames=50% 632fed02e33c71c9b90a19b2ae5dc1bb3eea7f55...refs/remotes/origin/main -- [12ms]
2026-05-06 11:19:33.892 [info] > git for-each-ref --sort -committerdate --format %(refname)%00%(objectname)%00%(*objectname) [13ms]
2026-05-06 11:19:33.903 [info] > git rev-parse --show-toplevel [14ms]
2026-05-06 11:19:33.913 [info] > git check-ignore -v -z --stdin [10ms]
2026-05-06 11:19:33.960 [info] > git rev-parse --show-toplevel [49ms]
2026-05-06 11:19:33.975 [info] > git rev-parse --git-dir --git-common-dir --show-superproject-working-tree [7ms]
2026-05-06 11:19:34.103 [info] [Model][openRepository] Opened repository (path): /home/yomz84_dm/Sesewa.ng
2026-05-06 11:19:34.104 [info] [Model][openRepository] Opened repository (real path): /home/yomz84_dm/Sesewa.ng
2026-05-06 11:19:34.104 [info] [Model][openRepository] Opened repository (kind): submodule
2026-05-06 11:19:34.147 [info] > git config --get commit.template [31ms]
2026-05-06 11:19:34.149 [info] > git rev-parse --show-toplevel [13ms]
2026-05-06 11:19:34.170 [info] > git rev-parse --show-toplevel [3ms]
2026-05-06 11:19:34.171 [info] [Model][doInitialScan] Initial repository scan completed - repositories (2), closed repositories (0), parent repositories (0), unsafe repositories (0)
2026-05-06 11:19:34.357 [info] > git status -z -uall [487ms]
2026-05-06 11:19:34.710 [info] > git fetch [607ms]
2026-05-06 11:19:34.727 [info] > git config --get commit.template [3ms]
2026-05-06 11:19:34.771 [info] > git for-each-ref --format=%(refname)%00%(upstream:short)%00%(objectname)%00%(upstream:track)%00%(upstream:remotename)%00%(upstream:remoteref) refs/heads/main refs/remotes/main [613ms]
2026-05-06 11:19:34.771 [info] > git for-each-ref --format=%(refname)%00%(upstream:short)%00%(objectname)%00%(upstream:track)%00%(upstream:remotename)%00%(upstream:remoteref) refs/heads/main refs/remotes/main [33ms]
2026-05-06 11:19:34.830 [info] > git check-ignore -v -z --stdin [16ms]
2026-05-06 11:19:34.831 [info] > git check-ignore -v -z --stdin [3ms]
2026-05-06 11:19:34.832 [info] > git config --get commit.template [32ms]
2026-05-06 11:19:34.832 [info] > git for-each-ref --format=%(refname)%00%(upstream:short)%00%(objectname)%00%(upstream:track)%00%(upstream:remotename)%00%(upstream:remoteref) refs/heads/main refs/remotes/main [47ms]
2026-05-06 11:19:34.859 [info] > git config --get --local branch.main.vscode-merge-base [15ms]
2026-05-06 11:19:34.875 [info] > git for-each-ref --format=%(refname)%00%(upstream:short)%00%(objectname)%00%(upstream:track)%00%(upstream:remotename)%00%(upstream:remoteref) refs/heads/main refs/remotes/main [17ms]
2026-05-06 11:19:34.877 [info] > git for-each-ref --format=%(refname)%00%(upstream:short)%00%(objectname)%00%(upstream:track)%00%(upstream:remotename)%00%(upstream:remoteref) refs/heads/origin/main refs/remotes/origin/main [3ms]
2026-05-06 11:19:34.905 [info] > git merge-base refs/heads/main refs/remotes/origin/main [17ms]
2026-05-06 11:19:34.919 [info] > git merge-base refs/heads/main refs/remotes/origin/main [17ms]
2026-05-06 11:19:34.971 [info] > git status -z -uall [24ms]
2026-05-06 11:19:34.972 [info] > git for-each-ref --sort -committerdate --format %(refname)%00%(objectname)%00%(*objectname) [13ms]
2026-05-06 11:19:34.999 [info] > git merge-base refs/heads/main refs/remotes/origin/main [7ms]
2026-05-06 11:19:35.096 [info] > git diff --raw --numstat --diff-filter=ADMR -z --find-renames=50% de8960a8234c8db7dfd07e3b03ca4ba256103dd4...refs/remotes/origin/main -- [179ms]
2026-05-06 11:19:35.099 [info] > git diff --raw --numstat --diff-filter=ADMR -z --find-renames=50% de8960a8234c8db7dfd07e3b03ca4ba256103dd4...refs/remotes/origin/main -- [166ms]
2026-05-06 11:19:35.101 [info] > git diff --raw --numstat --diff-filter=ADMR -z --find-renames=50% de8960a8234c8db7dfd07e3b03ca4ba256103dd4...refs/remotes/origin/main -- [90ms]
2026-05-06 11:19:39.974 [info] > git config --get commit.template [12ms]
2026-05-06 11:19:40.013 [info] > git for-each-ref --format=%(refname)%00%(upstream:short)%00%(objectname)%00%(upstream:track)%00%(upstream:remotename)%00%(upstream:remoteref) refs/heads/main refs/remotes/main [18ms]
2026-05-06 11:19:40.073 [info] > git for-each-ref --sort -committerdate --format %(refname)%00%(objectname)%00%(*objectname) [9ms]
2026-05-06 11:19:40.134 [info] > git status -z -uall [93ms]
2026-05-06 11:19:45.187 [info] > git config --get commit.template [5ms]
2026-05-06 11:19:45.235 [info] > git for-each-ref --format=%(refname)%00%(upstream:short)%00%(objectname)%00%(upstream:track)%00%(upstream:remotename)%00%(upstream:remoteref) refs/heads/main refs/remotes/main [10ms]
2026-05-06 11:19:45.357 [info] > git for-each-ref --sort -committerdate --format %(refname)%00%(objectname)%00%(*objectname) [18ms]
2026-05-06 11:19:45.388 [info] > git status -z -uall [95ms]
2026-05-06 11:19:50.484 [info] > git config --get commit.template [38ms]
2026-05-06 11:19:50.486 [info] > git for-each-ref --format=%(refname)%00%(upstream:short)%00%(objectname)%00%(upstream:track)%00%(upstream:remotename)%00%(upstream:remoteref) refs/heads/main refs/remotes/main [10ms]
2026-05-06 11:19:50.616 [info] > git for-each-ref --sort -committerdate --format %(refname)%00%(objectname)%00%(*objectname) [57ms]
2026-05-06 11:19:50.627 [info] > git status -z -uall [113ms]
2026-05-06 11:19:55.682 [info] > git config --get commit.template [18ms]
2026-05-06 11:19:55.684 [info] > git for-each-ref --format=%(refname)%00%(upstream:short)%00%(objectname)%00%(upstream:track)%00%(upstream:remotename)%00%(upstream:remoteref) refs/heads/main refs/remotes/main [4ms]
2026-05-06 11:19:55.718 [info] > git for-each-ref --sort -committerdate --format %(refname)%00%(objectname)%00%(*objectname) [4ms]
2026-05-06 11:19:55.733 [info] > git status -z -uall [33ms]
2026-05-06 11:20:00.780 [info] > git config --get commit.template [16ms]
2026-05-06 11:20:00.786 [info] > git for-each-ref --format=%(refname)%00%(upstream:short)%00%(objectname)%00%(upstream:track)%00%(upstream:remotename)%00%(upstream:remoteref) refs/heads/main refs/remotes/main [6ms]
2026-05-06 11:20:00.826 [info] > git for-each-ref --sort -committerdate --format %(refname)%00%(objectname)%00%(*objectname) [4ms]
2026-05-06 11:20:00.843 [info] > git status -z -uall [41ms]
2026-05-06 11:20:11.355 [info] > git config --get commit.template [18ms]
2026-05-06 11:20:11.357 [info] > git for-each-ref --format=%(refname)%00%(upstream:short)%00%(objectname)%00%(upstream:track)%00%(upstream:remotename)%00%(upstream:remoteref) refs/heads/main refs/remotes/main [3ms]
2026-05-06 11:20:11.395 [info] > git for-each-ref --sort -committerdate --format %(refname)%00%(objectname)%00%(*objectname) [5ms]
2026-05-06 11:20:11.410 [info] > git status -z -uall [36ms]
2026-05-06 11:20:16.447 [info] > git config --get commit.template [16ms]
2026-05-06 11:20:16.450 [info] > git for-each-ref --format=%(refname)%00%(upstream:short)%00%(objectname)%00%(upstream:track)%00%(upstream:remotename)%00%(upstream:remoteref) refs/heads/main refs/remotes/main [4ms]
2026-05-06 11:20:16.488 [info] > git for-each-ref --sort -committerdate --format %(refname)%00%(objectname)%00%(*objectname) [5ms]
2026-05-06 11:20:16.504 [info] > git status -z -uall [38ms]
2026-05-06 11:20:21.543 [info] > git config --get commit.template [17ms]
2026-05-06 11:20:21.545 [info] > git for-each-ref --format=%(refname)%00%(upstream:short)%00%(objectname)%00%(upstream:track)%00%(upstream:remotename)%00%(upstream:remoteref) refs/heads/main refs/remotes/main [3ms]
2026-05-06 11:20:21.586 [info] > git for-each-ref --sort -committerdate --format %(refname)%00%(objectname)%00%(*objectname) [4ms]
2026-05-06 11:20:21.600 [info] > git status -z -uall [38ms]
2026-05-06 11:20:31.054 [info] > git config --get commit.template [2ms]
2026-05-06 11:20:31.073 [info] > git for-each-ref --format=%(refname)%00%(upstream:short)%00%(objectname)%00%(upstream:track)%00%(upstream:remotename)%00%(upstream:remoteref) refs/heads/main refs/remotes/main [8ms]
2026-05-06 11:20:31.104 [info] > git for-each-ref --sort -committerdate --format %(refname)%00%(objectname)%00%(*objectname) [6ms]
2026-05-06 11:20:31.122 [info] > git status -z -uall [36ms]
2026-05-06 11:20:36.157 [info] > git config --get commit.template [18ms]
2026-05-06 11:20:36.158 [info] > git for-each-ref --format=%(refname)%00%(upstream:short)%00%(objectname)%00%(upstream:track)%00%(upstream:remotename)%00%(upstream:remoteref) refs/heads/main refs/remotes/main [3ms]
2026-05-06 11:20:36.190 [info] > git for-each-ref --sort -committerdate --format %(refname)%00%(objectname)%00%(*objectname) [5ms]
2026-05-06 11:20:36.211 [info] > git status -z -uall [40ms]
2026-05-06 11:20:41.246 [info] > git config --get commit.template [16ms]
2026-05-06 11:20:41.247 [info] > git for-each-ref --format=%(refname)%00%(upstream:short)%00%(objectname)%00%(upstream:track)%00%(upstream:remotename)%00%(upstream:remoteref) refs/heads/main refs/remotes/main [2ms]
2026-05-06 11:20:41.275 [info] > git for-each-ref --sort -committerdate --format %(refname)%00%(objectname)%00%(*objectname) [4ms]
2026-05-06 11:20:41.293 [info] > git status -z -uall [33ms]
2026-05-06 11:20:47.081 [info] > git config --get commit.template [13ms]
2026-05-06 11:20:47.084 [info] > git for-each-ref --format=%(refname)%00%(upstream:short)%00%(objectname)%00%(upstream:track)%00%(upstream:remotename)%00%(upstream:remoteref) refs/heads/main refs/remotes/main [3ms]
2026-05-06 11:20:47.113 [info] > git for-each-ref --sort -committerdate --format %(refname)%00%(objectname)%00%(*objectname) [5ms]
2026-05-06 11:20:47.132 [info] > git status -z -uall [35ms]
2026-05-06 11:20:52.163 [info] > git config --get commit.template [14ms]
2026-05-06 11:20:52.166 [info] > git for-each-ref --format=%(refname)%00%(upstream:short)%00%(objectname)%00%(upstream:track)%00%(upstream:remotename)%00%(upstream:remoteref) refs/heads/main refs/remotes/main [5ms]
2026-05-06 11:20:52.196 [info] > git for-each-ref --sort -committerdate --format %(refname)%00%(objectname)%00%(*objectname) [5ms]
2026-05-06 11:20:52.215 [info] > git status -z -uall [36ms]
2026-05-06 11:20:57.245 [info] > git config --get commit.template [13ms]
2026-05-06 11:20:57.247 [info] > git for-each-ref --format=%(refname)%00%(upstream:short)%00%(objectname)%00%(upstream:track)%00%(upstream:remotename)%00%(upstream:remoteref) refs/heads/main refs/remotes/main [3ms]
2026-05-06 11:20:57.274 [info] > git for-each-ref --sort -committerdate --format %(refname)%00%(objectname)%00%(*objectname) [4ms]
2026-05-06 11:20:57.296 [info] > git status -z -uall [38ms]
2026-05-06 11:21:02.338 [info] > git config --get commit.template [15ms]
2026-05-06 11:21:02.340 [info] > git for-each-ref --format=%(refname)%00%(upstream:short)%00%(objectname)%00%(upstream:track)%00%(upstream:remotename)%00%(upstream:remoteref) refs/heads/main refs/remotes/main [4ms]
2026-05-06 11:21:02.370 [info] > git for-each-ref --sort -committerdate --format %(refname)%00%(objectname)%00%(*objectname) [5ms]
2026-05-06 11:21:02.390 [info] > git status -z -uall [37ms]
2026-05-06 11:21:07.429 [info] > git config --get commit.template [17ms]
2026-05-06 11:21:07.432 [info] > git for-each-ref --format=%(refname)%00%(upstream:short)%00%(objectname)%00%(upstream:track)%00%(upstream:remotename)%00%(upstream:remoteref) refs/heads/main refs/remotes/main [4ms]
2026-05-06 11:21:07.466 [info] > git for-each-ref --sort -committerdate --format %(refname)%00%(objectname)%00%(*objectname) [6ms]
2026-05-06 11:21:07.490 [info] > git status -z -uall [42ms]
2026-05-06 11:21:12.525 [info] > git config --get commit.template [15ms]
2026-05-06 11:21:12.528 [info] > git for-each-ref --format=%(refname)%00%(upstream:short)%00%(objectname)%00%(upstream:track)%00%(upstream:remotename)%00%(upstream:remoteref) refs/heads/main refs/remotes/main [6ms]
2026-05-06 11:21:12.562 [info] > git for-each-ref --sort -committerdate --format %(refname)%00%(objectname)%00%(*objectname) [5ms]
2026-05-06 11:21:12.591 [info] > git status -z -uall [47ms]
2026-05-06 11:21:17.623 [info] > git config --get commit.template [16ms]
2026-05-06 11:21:17.626 [info] > git for-each-ref --format=%(refname)%00%(upstream:short)%00%(objectname)%00%(upstream:track)%00%(upstream:remotename)%00%(upstream:remoteref) refs/heads/main refs/remotes/main [4ms]
2026-05-06 11:21:17.658 [info] > git for-each-ref --sort -committerdate --format %(refname)%00%(objectname)%00%(*objectname) [4ms]
2026-05-06 11:21:17.685 [info] > git status -z -uall [46ms]
2026-05-06 11:21:22.717 [info] > git config --get commit.template [13ms]
2026-05-06 11:21:22.720 [info] > git for-each-ref --format=%(refname)%00%(upstream:short)%00%(objectname)%00%(upstream:track)%00%(upstream:remotename)%00%(upstream:remoteref) refs/heads/main refs/remotes/main [3ms]
2026-05-06 11:21:22.753 [info] > git for-each-ref --sort -committerdate --format %(refname)%00%(objectname)%00%(*objectname) [6ms]
2026-05-06 11:21:22.787 [info] > git status -z -uall [55ms]
2026-05-06 11:21:27.821 [info] > git config --get commit.template [15ms]
2026-05-06 11:21:27.826 [info] > git for-each-ref --format=%(refname)%00%(upstream:short)%00%(objectname)%00%(upstream:track)%00%(upstream:remotename)%00%(upstream:remoteref) refs/heads/main refs/remotes/main [5ms]
2026-05-06 11:21:27.863 [info] > git for-each-ref --sort -committerdate --format %(refname)%00%(objectname)%00%(*objectname) [8ms]
2026-05-06 11:21:27.886 [info] > git status -z -uall [46ms]
2026-05-06 11:21:32.917 [info] > git config --get commit.template [15ms]
2026-05-06 11:21:32.918 [info] > git for-each-ref --format=%(refname)%00%(upstream:short)%00%(objectname)%00%(upstream:track)%00%(upstream:remotename)%00%(upstream:remoteref) refs/heads/main refs/remotes/main [2ms]
2026-05-06 11:21:32.946 [info] > git for-each-ref --sort -committerdate --format %(refname)%00%(objectname)%00%(*objectname) [4ms]
2026-05-06 11:21:32.967 [info] > git status -z -uall [36ms]
2026-05-06 11:21:37.993 [info] > git config --get commit.template [3ms]
2026-05-06 11:21:38.012 [info] > git for-each-ref --format=%(refname)%00%(upstream:short)%00%(objectname)%00%(upstream:track)%00%(upstream:remotename)%00%(upstream:remoteref) refs/heads/main refs/remotes/main [5ms]
2026-05-06 11:21:38.042 [info] > git for-each-ref --sort -committerdate --format %(refname)%00%(objectname)%00%(*objectname) [5ms]
2026-05-06 11:21:38.065 [info] > git status -z -uall [40ms]
2026-05-06 11:21:43.097 [info] > git config --get commit.template [13ms]
2026-05-06 11:21:43.099 [info] > git for-each-ref --format=%(refname)%00%(upstream:short)%00%(objectname)%00%(upstream:track)%00%(upstream:remotename)%00%(upstream:remoteref) refs/heads/main refs/remotes/main [2ms]
2026-05-06 11:21:43.128 [info] > git for-each-ref --sort -committerdate --format %(refname)%00%(objectname)%00%(*objectname) [5ms]
2026-05-06 11:21:43.148 [info] > git status -z -uall [37ms]
2026-05-06 11:21:48.169 [info] > git config --get commit.template [4ms]
2026-05-06 11:21:48.184 [info] > git for-each-ref --format=%(refname)%00%(upstream:short)%00%(objectname)%00%(upstream:track)%00%(upstream:remotename)%00%(upstream:remoteref) refs/heads/main refs/remotes/main [3ms]
2026-05-06 11:21:48.220 [info] > git for-each-ref --sort -committerdate --format %(refname)%00%(objectname)%00%(*objectname) [6ms]
2026-05-06 11:21:48.240 [info] > git status -z -uall [43ms]
2026-05-06 11:21:53.274 [info] > git config --get commit.template [14ms]
2026-05-06 11:21:53.276 [info] > git for-each-ref --format=%(refname)%00%(upstream:short)%00%(objectname)%00%(upstream:track)%00%(upstream:remotename)%00%(upstream:remoteref) refs/heads/main refs/remotes/main [3ms]
2026-05-06 11:21:53.305 [info] > git for-each-ref --sort -committerdate --format %(refname)%00%(objectname)%00%(*objectname) [4ms]
2026-05-06 11:21:53.324 [info] > git status -z -uall [36ms]
2026-05-06 11:21:58.348 [info] > git config --get commit.template [4ms]
2026-05-06 11:21:58.363 [info] > git for-each-ref --format=%(refname)%00%(upstream:short)%00%(objectname)%00%(upstream:track)%00%(upstream:remotename)%00%(upstream:remoteref) refs/heads/main refs/remotes/main [3ms]
2026-05-06 11:21:58.392 [info] > git for-each-ref --sort -committerdate --format %(refname)%00%(objectname)%00%(*objectname) [5ms]
2026-05-06 11:21:58.413 [info] > git status -z -uall [38ms]
2026-05-06 11:22:03.445 [info] > git config --get commit.template [15ms]
2026-05-06 11:22:03.446 [info] > git for-each-ref --format=%(refname)%00%(upstream:short)%00%(objectname)%00%(upstream:track)%00%(upstream:remotename)%00%(upstream:remoteref) refs/heads/main refs/remotes/main [3ms]
2026-05-06 11:22:03.479 [info] > git for-each-ref --sort -committerdate --format %(refname)%00%(objectname)%00%(*objectname) [5ms]
2026-05-06 11:22:03.502 [info] > git status -z -uall [42ms]
2026-05-06 11:22:08.535 [info] > git config --get commit.template [15ms]
2026-05-06 11:22:08.538 [info] > git for-each-ref --format=%(refname)%00%(upstream:short)%00%(objectname)%00%(upstream:track)%00%(upstream:remotename)%00%(upstream:remoteref) refs/heads/main refs/remotes/main [4ms]
2026-05-06 11:22:08.566 [info] > git for-each-ref --sort -committerdate --format %(refname)%00%(objectname)%00%(*objectname) [4ms]
2026-05-06 11:22:08.586 [info] > git status -z -uall [36ms]
2026-05-06 11:22:13.620 [info] > git config --get commit.template [13ms]
2026-05-06 11:22:13.621 [info] > git for-each-ref --format=%(refname)%00%(upstream:short)%00%(objectname)%00%(upstream:track)%00%(upstream:remotename)%00%(upstream:remoteref) refs/heads/main refs/remotes/main [3ms]
2026-05-06 11:22:13.652 [info] > git for-each-ref --sort -committerdate --format %(refname)%00%(objectname)%00%(*objectname) [7ms]
2026-05-06 11:22:13.675 [info] > git status -z -uall [42ms]
2026-05-06 11:22:18.707 [info] > git config --get commit.template [13ms]
2026-05-06 11:22:18.709 [info] > git for-each-ref --format=%(refname)%00%(upstream:short)%00%(objectname)%00%(upstream:track)%00%(upstream:remotename)%00%(upstream:remoteref) refs/heads/main refs/remotes/main [3ms]
2026-05-06 11:22:18.736 [info] > git for-each-ref --sort -committerdate --format %(refname)%00%(objectname)%00%(*objectname) [4ms]
2026-05-06 11:22:18.754 [info] > git status -z -uall [33ms]
2026-05-06 11:22:25.337 [info] > git config --get commit.template [14ms]
2026-05-06 11:22:25.338 [info] > git for-each-ref --format=%(refname)%00%(upstream:short)%00%(objectname)%00%(upstream:track)%00%(upstream:remotename)%00%(upstream:remoteref) refs/heads/main refs/remotes/main [2ms]
2026-05-06 11:22:25.367 [info] > git for-each-ref --sort -committerdate --format %(refname)%00%(objectname)%00%(*objectname) [4ms]
2026-05-06 11:22:25.387 [info] > git status -z -uall [36ms]
2026-05-06 11:22:30.417 [info] > git config --get commit.template [13ms]
2026-05-06 11:22:30.419 [info] > git for-each-ref --format=%(refname)%00%(upstream:short)%00%(objectname)%00%(upstream:track)%00%(upstream:remotename)%00%(upstream:remoteref) refs/heads/main refs/remotes/main [3ms]
2026-05-06 11:22:30.448 [info] > git for-each-ref --sort -committerdate --format %(refname)%00%(objectname)%00%(*objectname) [4ms]
2026-05-06 11:22:30.469 [info] > git status -z -uall [37ms]
2026-05-06 11:22:34.226 [info] > git fetch [427ms]
2026-05-06 11:22:34.256 [info] > git config --get commit.template [13ms]
2026-05-06 11:22:34.257 [info] > git for-each-ref --format=%(refname)%00%(upstream:short)%00%(objectname)%00%(upstream:track)%00%(upstream:remotename)%00%(upstream:remoteref) refs/heads/main refs/remotes/main [3ms]
2026-05-06 11:22:34.287 [info] > git for-each-ref --sort -committerdate --format %(refname)%00%(objectname)%00%(*objectname) [4ms]
2026-05-06 11:22:34.305 [info] > git status -z -uall [35ms]
2026-05-06 11:22:35.197 [info] > git fetch [396ms]
2026-05-06 11:22:35.223 [info] > git config --get commit.template [12ms]
2026-05-06 11:22:35.228 [info] > git for-each-ref --format=%(refname)%00%(upstream:short)%00%(objectname)%00%(upstream:track)%00%(upstream:remotename)%00%(upstream:remoteref) refs/heads/main refs/remotes/main [6ms]
2026-05-06 11:22:35.256 [info] > git status -z -uall [15ms]
2026-05-06 11:22:35.260 [info] > git for-each-ref --sort -committerdate --format %(refname)%00%(objectname)%00%(*objectname) [6ms]
2026-05-06 11:22:35.501 [info] > git config --get commit.template [14ms]
2026-05-06 11:22:35.503 [info] > git for-each-ref --format=%(refname)%00%(upstream:short)%00%(objectname)%00%(upstream:track)%00%(upstream:remotename)%00%(upstream:remoteref) refs/heads/main refs/remotes/main [3ms]
2026-05-06 11:22:35.532 [info] > git for-each-ref --sort -committerdate --format %(refname)%00%(objectname)%00%(*objectname) [5ms]
2026-05-06 11:22:35.550 [info] > git status -z -uall [36ms]
2026-05-06 11:22:36.463 [info] > git config --get commit.template [13ms]
2026-05-06 11:22:36.467 [info] > git for-each-ref --format=%(refname)%00%(upstream:short)%00%(objectname)%00%(upstream:track)%00%(upstream:remotename)%00%(upstream:remoteref) refs/heads/main refs/remotes/main [5ms]
2026-05-06 11:22:36.494 [info] > git status -z -uall [14ms]
2026-05-06 11:22:36.499 [info] > git for-each-ref --sort -committerdate --format %(refname)%00%(objectname)%00%(*objectname) [5ms]
2026-05-06 11:22:40.579 [info] > git config --get commit.template [12ms]
2026-05-06 11:22:40.581 [info] > git for-each-ref --format=%(refname)%00%(upstream:short)%00%(objectname)%00%(upstream:track)%00%(upstream:remotename)%00%(upstream:remoteref) refs/heads/main refs/remotes/main [3ms]
2026-05-06 11:22:40.609 [info] > git for-each-ref --sort -committerdate --format %(refname)%00%(objectname)%00%(*objectname) [5ms]
2026-05-06 11:22:40.627 [info] > git status -z -uall [34ms]
2026-05-06 11:22:45.657 [info] > git config --get commit.template [13ms]
2026-05-06 11:22:45.659 [info] > git for-each-ref --format=%(refname)%00%(upstream:short)%00%(objectname)%00%(upstream:track)%00%(upstream:remotename)%00%(upstream:remoteref) refs/heads/main refs/remotes/main [4ms]
2026-05-06 11:22:45.687 [info] > git for-each-ref --sort -committerdate --format %(refname)%00%(objectname)%00%(*objectname) [5ms]
2026-05-06 11:22:45.705 [info] > git status -z -uall [35ms]
2026-05-06 11:22:50.737 [info] > git config --get commit.template [13ms]
2026-05-06 11:22:50.739 [info] > git for-each-ref --format=%(refname)%00%(upstream:short)%00%(objectname)%00%(upstream:track)%00%(upstream:remotename)%00%(upstream:remoteref) refs/heads/main refs/remotes/main [3ms]
2026-05-06 11:22:50.772 [info] > git for-each-ref --sort -committerdate --format %(refname)%00%(objectname)%00%(*objectname) [5ms]
2026-05-06 11:22:50.794 [info] > git status -z -uall [42ms]
2026-05-06 11:22:55.816 [info] > git config --get commit.template [4ms]
2026-05-06 11:22:55.830 [info] > git for-each-ref --format=%(refname)%00%(upstream:short)%00%(objectname)%00%(upstream:track)%00%(upstream:remotename)%00%(upstream:remoteref) refs/heads/main refs/remotes/main [2ms]
2026-05-06 11:22:55.861 [info] > git for-each-ref --sort -committerdate --format %(refname)%00%(objectname)%00%(*objectname) [4ms]
2026-05-06 11:22:55.880 [info] > git status -z -uall [37ms]
2026-05-06 11:23:00.914 [info] > git config --get commit.template [13ms]
2026-05-06 11:23:00.915 [info] > git for-each-ref --format=%(refname)%00%(upstream:short)%00%(objectname)%00%(upstream:track)%00%(upstream:remotename)%00%(upstream:remoteref) refs/heads/main refs/remotes/main [2ms]
2026-05-06 11:23:00.945 [info] > git for-each-ref --sort -committerdate --format %(refname)%00%(objectname)%00%(*objectname) [5ms]
2026-05-06 11:23:00.964 [info] > git status -z -uall [35ms]
2026-05-06 11:23:05.997 [info] > git config --get commit.template [13ms]
2026-05-06 11:23:05.999 [info] > git for-each-ref --format=%(refname)%00%(upstream:short)%00%(objectname)%00%(upstream:track)%00%(upstream:remotename)%00%(upstream:remoteref) refs/heads/main refs/remotes/main [3ms]
2026-05-06 11:23:06.030 [info] > git for-each-ref --sort -committerdate --format %(refname)%00%(objectname)%00%(*objectname) [6ms]
2026-05-06 11:23:06.048 [info] > git status -z -uall [36ms]
2026-05-06 11:23:11.086 [info] > git config --get commit.template [15ms]
2026-05-06 11:23:11.088 [info] > git for-each-ref --format=%(refname)%00%(upstream:short)%00%(objectname)%00%(upstream:track)%00%(upstream:remotename)%00%(upstream:remoteref) refs/heads/main refs/remotes/main [3ms]
2026-05-06 11:23:11.118 [info] > git for-each-ref --sort -committerdate --format %(refname)%00%(objectname)%00%(*objectname) [5ms]
2026-05-06 11:23:11.140 [info] > git status -z -uall [39ms]
2026-05-06 11:23:16.173 [info] > git config --get commit.template [13ms]
2026-05-06 11:23:16.175 [info] > git for-each-ref --format=%(refname)%00%(upstream:short)%00%(objectname)%00%(upstream:track)%00%(upstream:remotename)%00%(upstream:remoteref) refs/heads/main refs/remotes/main [3ms]
2026-05-06 11:23:16.207 [info] > git for-each-ref --sort -committerdate --format %(refname)%00%(objectname)%00%(*objectname) [5ms]
2026-05-06 11:23:16.225 [info] > git status -z -uall [37ms]
2026-05-06 11:23:21.257 [info] > git config --get commit.template [13ms]
2026-05-06 11:23:21.259 [info] > git for-each-ref --format=%(refname)%00%(upstream:short)%00%(objectname)%00%(upstream:track)%00%(upstream:remotename)%00%(upstream:remoteref) refs/heads/main refs/remotes/main [3ms]
2026-05-06 11:23:21.288 [info] > git for-each-ref --sort -committerdate --format %(refname)%00%(objectname)%00%(*objectname) [6ms]
2026-05-06 11:23:21.307 [info] > git status -z -uall [36ms]
2026-05-06 11:23:26.338 [info] > git config --get commit.template [13ms]
2026-05-06 11:23:26.340 [info] > git for-each-ref --format=%(refname)%00%(upstream:short)%00%(objectname)%00%(upstream:track)%00%(upstream:remotename)%00%(upstream:remoteref) refs/heads/main refs/remotes/main [3ms]
2026-05-06 11:23:26.368 [info] > git for-each-ref --sort -committerdate --format %(refname)%00%(objectname)%00%(*objectname) [5ms]
2026-05-06 11:23:26.390 [info] > git status -z -uall [37ms]
2026-05-06 11:23:31.422 [info] > git config --get commit.template [14ms]
2026-05-06 11:23:31.424 [info] > git for-each-ref --format=%(refname)%00%(upstream:short)%00%(objectname)%00%(upstream:track)%00%(upstream:remotename)%00%(upstream:remoteref) refs/heads/main refs/remotes/main [3ms]
2026-05-06 11:23:31.454 [info] > git for-each-ref --sort -committerdate --format %(refname)%00%(objectname)%00%(*objectname) [5ms]
2026-05-06 11:23:31.471 [info] > git status -z -uall [35ms]
2026-05-06 11:23:36.505 [info] > git config --get commit.template [18ms]
2026-05-06 11:23:36.506 [info] > git for-each-ref --format=%(refname)%00%(upstream:short)%00%(objectname)%00%(upstream:track)%00%(upstream:remotename)%00%(upstream:remoteref) refs/heads/main refs/remotes/main [5ms]
2026-05-06 11:23:36.542 [info] > git for-each-ref --sort -committerdate --format %(refname)%00%(objectname)%00%(*objectname) [5ms]
2026-05-06 11:23:36.561 [info] > git status -z -uall [39ms]
2026-05-06 11:23:41.591 [info] > git config --get commit.template [13ms]
2026-05-06 11:23:41.593 [info] > git for-each-ref --format=%(refname)%00%(upstream:short)%00%(objectname)%00%(upstream:track)%00%(upstream:remotename)%00%(upstream:remoteref) refs/heads/main refs/remotes/main [3ms]
2026-05-06 11:23:41.620 [info] > git for-each-ref --sort -committerdate --format %(refname)%00%(objectname)%00%(*objectname) [5ms]
2026-05-06 11:23:41.639 [info] > git status -z -uall [35ms]
2026-05-06 11:23:46.668 [info] > git config --get commit.template [13ms]
2026-05-06 11:23:46.670 [info] > git for-each-ref --format=%(refname)%00%(upstream:short)%00%(objectname)%00%(upstream:track)%00%(upstream:remotename)%00%(upstream:remoteref) refs/heads/main refs/remotes/main [3ms]
2026-05-06 11:23:46.697 [info] > git for-each-ref --sort -committerdate --format %(refname)%00%(objectname)%00%(*objectname) [4ms]
2026-05-06 11:23:46.716 [info] > git status -z -uall [35ms]
2026-05-06 11:23:51.747 [info] > git config --get commit.template [13ms]
2026-05-06 11:23:51.749 [info] > git for-each-ref --format=%(refname)%00%(upstream:short)%00%(objectname)%00%(upstream:track)%00%(upstream:remotename)%00%(upstream:remoteref) refs/heads/main refs/remotes/main [3ms]
2026-05-06 11:23:51.777 [info] > git for-each-ref --sort -committerdate --format %(refname)%00%(objectname)%00%(*objectname) [4ms]
2026-05-06 11:23:51.795 [info] > git status -z -uall [35ms]
2026-05-06 11:23:56.826 [info] > git config --get commit.template [14ms]
2026-05-06 11:23:56.829 [info] > git for-each-ref --format=%(refname)%00%(upstream:short)%00%(objectname)%00%(upstream:track)%00%(upstream:remotename)%00%(upstream:remoteref) refs/heads/main refs/remotes/main [3ms]
2026-05-06 11:23:56.857 [info] > git for-each-ref --sort -committerdate --format %(refname)%00%(objectname)%00%(*objectname) [4ms]
2026-05-06 11:23:56.877 [info] > git status -z -uall [36ms]
2026-05-06 11:24:01.910 [info] > git config --get commit.template [13ms]
2026-05-06 11:24:01.912 [info] > git for-each-ref --format=%(refname)%00%(upstream:short)%00%(objectname)%00%(upstream:track)%00%(upstream:remotename)%00%(upstream:remoteref) refs/heads/main refs/remotes/main [3ms]
2026-05-06 11:24:01.943 [info] > git for-each-ref --sort -committerdate --format %(refname)%00%(objectname)%00%(*objectname) [7ms]
2026-05-06 11:24:01.963 [info] > git status -z -uall [38ms]
2026-05-06 11:24:06.994 [info] > git config --get commit.template [15ms]
2026-05-06 11:24:06.995 [info] > git for-each-ref --format=%(refname)%00%(upstream:short)%00%(objectname)%00%(upstream:track)%00%(upstream:remotename)%00%(upstream:remoteref) refs/heads/main refs/remotes/main [4ms]
2026-05-06 11:24:07.023 [info] > git for-each-ref --sort -committerdate --format %(refname)%00%(objectname)%00%(*objectname) [4ms]
2026-05-06 11:24:07.043 [info] > git status -z -uall [35ms]
2026-05-06 11:24:12.074 [info] > git config --get commit.template [14ms]
2026-05-06 11:24:12.077 [info] > git for-each-ref --format=%(refname)%00%(upstream:short)%00%(objectname)%00%(upstream:track)%00%(upstream:remotename)%00%(upstream:remoteref) refs/heads/main refs/remotes/main [4ms]
2026-05-06 11:24:12.111 [info] > git for-each-ref --sort -committerdate --format %(refname)%00%(objectname)%00%(*objectname) [4ms]
2026-05-06 11:24:12.129 [info] > git status -z -uall [39ms]
2026-05-06 11:24:17.463 [info] > git config --get commit.template [3ms]
2026-05-06 11:24:17.477 [info] > git for-each-ref --format=%(refname)%00%(upstream:short)%00%(objectname)%00%(upstream:track)%00%(upstream:remotename)%00%(upstream:remoteref) refs/heads/main refs/remotes/main [3ms]
2026-05-06 11:24:17.505 [info] > git for-each-ref --sort -committerdate --format %(refname)%00%(objectname)%00%(*objectname) [5ms]
2026-05-06 11:24:17.526 [info] > git status -z -uall [37ms]
2026-05-06 11:24:22.558 [info] > git config --get commit.template [14ms]
2026-05-06 11:24:22.560 [info] > git for-each-ref --format=%(refname)%00%(upstream:short)%00%(objectname)%00%(upstream:track)%00%(upstream:remotename)%00%(upstream:remoteref) refs/heads/main refs/remotes/main [3ms]
2026-05-06 11:24:22.591 [info] > git for-each-ref --sort -committerdate --format %(refname)%00%(objectname)%00%(*objectname) [5ms]
2026-05-06 11:24:22.616 [info] > git status -z -uall [43ms]
2026-05-06 11:24:27.651 [info] > git config --get commit.template [14ms]
2026-05-06 11:24:27.652 [info] > git for-each-ref --format=%(refname)%00%(upstream:short)%00%(objectname)%00%(upstream:track)%00%(upstream:remotename)%00%(upstream:remoteref) refs/heads/main refs/remotes/main [4ms]
2026-05-06 11:24:27.682 [info] > git for-each-ref --sort -committerdate --format %(refname)%00%(objectname)%00%(*objectname) [4ms]
2026-05-06 11:24:27.702 [info] > git status -z -uall [36ms]
2026-05-06 11:24:32.733 [info] > git config --get commit.template [12ms]
2026-05-06 11:24:32.735 [info] > git for-each-ref --format=%(refname)%00%(upstream:short)%00%(objectname)%00%(upstream:track)%00%(upstream:remotename)%00%(upstream:remoteref) refs/heads/main refs/remotes/main [3ms]
2026-05-06 11:24:32.764 [info] > git for-each-ref --sort -committerdate --format %(refname)%00%(objectname)%00%(*objectname) [5ms]
2026-05-06 11:24:32.783 [info] > git status -z -uall [36ms]
2026-05-06 11:24:39.543 [info] > git config --get commit.template [2ms]
2026-05-06 11:24:39.558 [info] > git for-each-ref --format=%(refname)%00%(upstream:short)%00%(objectname)%00%(upstream:track)%00%(upstream:remotename)%00%(upstream:remoteref) refs/heads/main refs/remotes/main [3ms]
2026-05-06 11:24:39.587 [info] > git for-each-ref --sort -committerdate --format %(refname)%00%(objectname)%00%(*objectname) [5ms]
2026-05-06 11:24:39.605 [info] > git status -z -uall [35ms]
2026-05-06 11:24:44.637 [info] > git config --get commit.template [16ms]
2026-05-06 11:24:44.639 [info] > git for-each-ref --format=%(refname)%00%(upstream:short)%00%(objectname)%00%(upstream:track)%00%(upstream:remotename)%00%(upstream:remoteref) refs/heads/main refs/remotes/main [5ms]
2026-05-06 11:24:44.672 [info] > git for-each-ref --sort -committerdate --format %(refname)%00%(objectname)%00%(*objectname) [5ms]
2026-05-06 11:24:44.692 [info] > git status -z -uall [37ms]
2026-05-06 11:24:49.720 [info] > git config --get commit.template [6ms]
2026-05-06 11:24:49.743 [info] > git for-each-ref --format=%(refname)%00%(upstream:short)%00%(objectname)%00%(upstream:track)%00%(upstream:remotename)%00%(upstream:remoteref) refs/heads/main refs/remotes/main [4ms]
2026-05-06 11:24:49.783 [info] > git for-each-ref --sort -committerdate --format %(refname)%00%(objectname)%00%(*objectname) [4ms]
2026-05-06 11:24:49.808 [info] > git status -z -uall [48ms]
2026-05-06 11:24:54.831 [info] > git config --get commit.template [2ms]
2026-05-06 11:24:54.846 [info] > git for-each-ref --format=%(refname)%00%(upstream:short)%00%(objectname)%00%(upstream:track)%00%(upstream:remotename)%00%(upstream:remoteref) refs/heads/main refs/remotes/main [3ms]
2026-05-06 11:24:54.873 [info] > git for-each-ref --sort -committerdate --format %(refname)%00%(objectname)%00%(*objectname) [4ms]
2026-05-06 11:24:54.891 [info] > git status -z -uall [33ms]
2026-05-06 11:24:59.921 [info] > git config --get commit.template [13ms]
2026-05-06 11:24:59.924 [info] > git for-each-ref --format=%(refname)%00%(upstream:short)%00%(objectname)%00%(upstream:track)%00%(upstream:remotename)%00%(upstream:remoteref) refs/heads/main refs/remotes/main [3ms]
2026-05-06 11:24:59.955 [info] > git for-each-ref --sort -committerdate --format %(refname)%00%(objectname)%00%(*objectname) [4ms]
2026-05-06 11:24:59.984 [info] > git status -z -uall [47ms]
2026-05-06 11:25:05.015 [info] > git config --get commit.template [13ms]
2026-05-06 11:25:05.017 [info] > git for-each-ref --format=%(refname)%00%(upstream:short)%00%(objectname)%00%(upstream:track)%00%(upstream:remotename)%00%(upstream:remoteref) refs/heads/main refs/remotes/main [3ms]
2026-05-06 11:25:05.046 [info] > git for-each-ref --sort -committerdate --format %(refname)%00%(objectname)%00%(*objectname) [5ms]
2026-05-06 11:25:05.115 [info] > git status -z -uall [86ms]
2026-05-06 11:25:07.693 [info] > git check-ignore -v -z --stdin [17ms]
2026-05-06 11:25:07.694 [info] > git check-ignore -v -z --stdin [6ms]
2026-05-06 11:25:08.438 [info] > git check-ignore -v -z --stdin [22ms]
2026-05-06 11:25:08.593 [info] > git show --textconv :server.ts [58ms]
2026-05-06 11:25:08.593 [info] > git show --textconv HEAD:server.ts [39ms]
2026-05-06 11:25:08.593 [info] > git ls-files --stage -- server.ts [21ms]
2026-05-06 11:25:08.614 [info] > git ls-tree -l HEAD -- server.ts [25ms]
2026-05-06 11:25:08.617 [info] > git cat-file -s 568c2bdd9f7ad171b15656c11b8a99f281c5fd6d [5ms]
2026-05-06 11:25:08.949 [info] > git blame --root --incremental 6d7cfe8edec72f6c011eb6482d9a17156866880d -- server.ts [48ms]
2026-05-06 11:25:12.575 [info] > git config --get commit.template [14ms]
2026-05-06 11:25:12.578 [info] > git for-each-ref --format=%(refname)%00%(upstream:short)%00%(objectname)%00%(upstream:track)%00%(upstream:remotename)%00%(upstream:remoteref) refs/heads/main refs/remotes/main [4ms]
2026-05-06 11:25:12.627 [info] > git for-each-ref --sort -committerdate --format %(refname)%00%(objectname)%00%(*objectname) [8ms]
2026-05-06 11:25:12.646 [info] > git status -z -uall [50ms]
2026-05-06 11:25:13.116 [info] > git check-ignore -v -z --stdin [4ms]
2026-05-06 11:25:17.696 [info] > git config --get commit.template [16ms]
2026-05-06 11:25:17.701 [info] > git for-each-ref --format=%(refname)%00%(upstream:short)%00%(objectname)%00%(upstream:track)%00%(upstream:remotename)%00%(upstream:remoteref) refs/heads/main refs/remotes/main [7ms]
2026-05-06 11:25:17.748 [info] > git for-each-ref --sort -committerdate --format %(refname)%00%(objectname)%00%(*objectname) [5ms]
2026-05-06 11:25:17.778 [info] > git status -z -uall [51ms]
2026-05-06 11:25:18.263 [info] > git check-ignore -v -z --stdin [3ms]
2026-05-06 11:25:22.801 [info] > git config --get commit.template [2ms]
2026-05-06 11:25:22.821 [info] > git for-each-ref --format=%(refname)%00%(upstream:short)%00%(objectname)%00%(upstream:track)%00%(upstream:remotename)%00%(upstream:remoteref) refs/heads/main refs/remotes/main [1ms]
2026-05-06 11:25:22.852 [info] > git for-each-ref --sort -committerdate --format %(refname)%00%(objectname)%00%(*objectname) [4ms]
2026-05-06 11:25:22.873 [info] > git status -z -uall [40ms]
2026-05-06 11:25:23.333 [info] > git check-ignore -v -z --stdin [3ms]
2026-05-06 11:25:27.904 [info] > git config --get commit.template [14ms]
2026-05-06 11:25:27.906 [info] > git for-each-ref --format=%(refname)%00%(upstream:short)%00%(objectname)%00%(upstream:track)%00%(upstream:remotename)%00%(upstream:remoteref) refs/heads/main refs/remotes/main [2ms]
2026-05-06 11:25:27.934 [info] > git for-each-ref --sort -committerdate --format %(refname)%00%(objectname)%00%(*objectname) [5ms]
2026-05-06 11:25:27.956 [info] > git status -z -uall [38ms]
2026-05-06 11:25:28.441 [info] > git check-ignore -v -z --stdin [3ms]
2026-05-06 11:25:32.987 [info] > git config --get commit.template [12ms]
2026-05-06 11:25:32.989 [info] > git for-each-ref --format=%(refname)%00%(upstream:short)%00%(objectname)%00%(upstream:track)%00%(upstream:remotename)%00%(upstream:remoteref) refs/heads/main refs/remotes/main [4ms]
2026-05-06 11:25:33.018 [info] > git for-each-ref --sort -committerdate --format %(refname)%00%(objectname)%00%(*objectname) [5ms]
2026-05-06 11:25:33.036 [info] > git status -z -uall [35ms]
2026-05-06 11:25:33.547 [info] > git check-ignore -v -z --stdin [3ms]
2026-05-06 11:25:34.738 [info] > git fetch [416ms]
2026-05-06 11:25:34.763 [info] > git config --get commit.template [13ms]
2026-05-06 11:25:34.766 [info] > git for-each-ref --format=%(refname)%00%(upstream:short)%00%(objectname)%00%(upstream:track)%00%(upstream:remotename)%00%(upstream:remoteref) refs/heads/main refs/remotes/main [3ms]
2026-05-06 11:25:34.796 [info] > git for-each-ref --sort -committerdate --format %(refname)%00%(objectname)%00%(*objectname) [5ms]
2026-05-06 11:25:34.819 [info] > git status -z -uall [42ms]
2026-05-06 11:25:35.309 [info] > git check-ignore -v -z --stdin [3ms]
2026-05-06 11:25:35.683 [info] > git fetch [408ms]
2026-05-06 11:25:35.709 [info] > git config --get commit.template [14ms]
2026-05-06 11:25:35.713 [info] > git for-each-ref --format=%(refname)%00%(upstream:short)%00%(objectname)%00%(upstream:track)%00%(upstream:remotename)%00%(upstream:remoteref) refs/heads/main refs/remotes/main [5ms]
2026-05-06 11:25:35.740 [info] > git status -z -uall [12ms]
2026-05-06 11:25:35.745 [info] > git for-each-ref --sort -committerdate --format %(refname)%00%(objectname)%00%(*objectname) [7ms]
2026-05-06 11:25:37.036 [info] > git config --get commit.template [13ms]
2026-05-06 11:25:37.041 [info] > git for-each-ref --format=%(refname)%00%(upstream:short)%00%(objectname)%00%(upstream:track)%00%(upstream:remotename)%00%(upstream:remoteref) refs/heads/main refs/remotes/main [6ms]
2026-05-06 11:25:37.066 [info] > git status -z -uall [13ms]
2026-05-06 11:25:37.071 [info] > git for-each-ref --sort -committerdate --format %(refname)%00%(objectname)%00%(*objectname) [6ms]
2026-05-06 11:25:38.067 [info] > git config --get commit.template [12ms]
2026-05-06 11:25:38.069 [info] > git for-each-ref --format=%(refname)%00%(upstream:short)%00%(objectname)%00%(upstream:track)%00%(upstream:remotename)%00%(upstream:remoteref) refs/heads/main refs/remotes/main [3ms]
2026-05-06 11:25:38.097 [info] > git for-each-ref --sort -committerdate --format %(refname)%00%(objectname)%00%(*objectname) [4ms]
2026-05-06 11:25:38.116 [info] > git status -z -uall [35ms]
2026-05-06 11:25:42.561 [info] > git ls-files --stage -- server.ts [13ms]
2026-05-06 11:25:42.573 [info] > git ls-tree -l HEAD -- server.ts [14ms]
2026-05-06 11:25:42.576 [info] > git cat-file -s 568c2bdd9f7ad171b15656c11b8a99f281c5fd6d [4ms]
2026-05-06 11:25:42.810 [info] > git show --textconv HEAD:server.ts [13ms]
2026-05-06 11:25:42.813 [info] > git show --textconv :server.ts [4ms]
2026-05-06 11:25:43.038 [info] > git check-ignore -v -z --stdin [3ms]
2026-05-06 11:25:43.415 [info] > git config --get commit.template [13ms]
2026-05-06 11:25:43.417 [info] > git for-each-ref --format=%(refname)%00%(upstream:short)%00%(objectname)%00%(upstream:track)%00%(upstream:remotename)%00%(upstream:remoteref) refs/heads/main refs/remotes/main [3ms]
2026-05-06 11:25:43.448 [info] > git for-each-ref --sort -committerdate --format %(refname)%00%(objectname)%00%(*objectname) [4ms]
2026-05-06 11:25:43.466 [info] > git status -z -uall [36ms]
2026-05-06 11:25:44.012 [info] > git check-ignore -v -z --stdin [3ms]
2026-05-06 11:25:58.558 [info] > git config --get commit.template [14ms]
2026-05-06 11:25:58.560 [info] > git for-each-ref --format=%(refname)%00%(upstream:short)%00%(objectname)%00%(upstream:track)%00%(upstream:remotename)%00%(upstream:remoteref) refs/heads/main refs/remotes/main [3ms]
2026-05-06 11:25:58.590 [info] > git for-each-ref --sort -committerdate --format %(refname)%00%(objectname)%00%(*objectname) [5ms]
2026-05-06 11:25:58.608 [info] > git status -z -uall [35ms]
2026-05-06 11:25:59.412 [info] > git check-ignore -v -z --stdin [3ms]
2026-05-06 11:26:03.638 [info] > git config --get commit.template [13ms]
2026-05-06 11:26:03.640 [info] > git for-each-ref --format=%(refname)%00%(upstream:short)%00%(objectname)%00%(upstream:track)%00%(upstream:remotename)%00%(upstream:remoteref) refs/heads/main refs/remotes/main [3ms]
2026-05-06 11:26:03.670 [info] > git for-each-ref --sort -committerdate --format %(refname)%00%(objectname)%00%(*objectname) [4ms]
2026-05-06 11:26:03.692 [info] > git status -z -uall [39ms]
2026-05-06 11:26:04.366 [info] > git check-ignore -v -z --stdin [3ms]
2026-05-06 11:26:08.714 [info] > git config --get commit.template [3ms]
2026-05-06 11:26:08.728 [info] > git for-each-ref --format=%(refname)%00%(upstream:short)%00%(objectname)%00%(upstream:track)%00%(upstream:remotename)%00%(upstream:remoteref) refs/heads/main refs/remotes/main [3ms]
2026-05-06 11:26:08.756 [info] > git for-each-ref --sort -committerdate --format %(refname)%00%(objectname)%00%(*objectname) [4ms]
2026-05-06 11:26:08.775 [info] > git status -z -uall [35ms]
2026-05-06 11:26:11.367 [info] > git check-ignore -v -z --stdin [2ms]
2026-05-06 11:26:13.812 [info] > git config --get commit.template [16ms]
2026-05-06 11:26:13.814 [info] > git for-each-ref --format=%(refname)%00%(upstream:short)%00%(objectname)%00%(upstream:track)%00%(upstream:remotename)%00%(upstream:remoteref) refs/heads/main refs/remotes/main [4ms]
2026-05-06 11:26:13.845 [info] > git for-each-ref --sort -committerdate --format %(refname)%00%(objectname)%00%(*objectname) [5ms]
2026-05-06 11:26:13.864 [info] > git status -z -uall [38ms]
2026-05-06 11:26:14.368 [info] > git check-ignore -v -z --stdin [3ms]
2026-05-06 11:26:18.896 [info] > git config --get commit.template [13ms]
2026-05-06 11:26:18.898 [info] > git for-each-ref --format=%(refname)%00%(upstream:short)%00%(objectname)%00%(upstream:track)%00%(upstream:remotename)%00%(upstream:remoteref) refs/heads/main refs/remotes/main [3ms]
2026-05-06 11:26:18.928 [info] > git for-each-ref --sort -committerdate --format %(refname)%00%(objectname)%00%(*objectname) [6ms]
2026-05-06 11:26:18.947 [info] > git status -z -uall [37ms]
2026-05-06 11:26:24.697 [info] > git check-ignore -v -z --stdin [3ms]
2026-05-06 11:26:24.720 [info] > git config --get commit.template [3ms]
2026-05-06 11:26:24.733 [info] > git for-each-ref --format=%(refname)%00%(upstream:short)%00%(objectname)%00%(upstream:track)%00%(upstream:remotename)%00%(upstream:remoteref) refs/heads/main refs/remotes/main [2ms]
2026-05-06 11:26:24.761 [info] > git for-each-ref --sort -committerdate --format %(refname)%00%(objectname)%00%(*objectname) [4ms]
2026-05-06 11:26:24.779 [info] > git status -z -uall [33ms]
2026-05-06 11:26:25.522 [info] > git check-ignore -v -z --stdin [3ms]
2026-05-06 11:26:31.569 [info] > git config --get commit.template [3ms]
2026-05-06 11:26:31.584 [info] > git for-each-ref --format=%(refname)%00%(upstream:short)%00%(objectname)%00%(upstream:track)%00%(upstream:remotename)%00%(upstream:remoteref) refs/heads/main refs/remotes/main [3ms]
2026-05-06 11:26:31.612 [info] > git for-each-ref --sort -committerdate --format %(refname)%00%(objectname)%00%(*objectname) [5ms]
2026-05-06 11:26:31.631 [info] > git status -z -uall [35ms]
2026-05-06 11:26:32.127 [info] > git check-ignore -v -z --stdin [3ms]
2026-05-06 11:26:36.662 [info] > git config --get commit.template [13ms]
2026-05-06 11:26:36.664 [info] > git for-each-ref --format=%(refname)%00%(upstream:short)%00%(objectname)%00%(upstream:track)%00%(upstream:remotename)%00%(upstream:remoteref) refs/heads/main refs/remotes/main [3ms]
2026-05-06 11:26:36.695 [info] > git for-each-ref --sort -committerdate --format %(refname)%00%(objectname)%00%(*objectname) [7ms]
2026-05-06 11:26:36.712 [info] > git status -z -uall [36ms]
2026-05-06 11:26:37.208 [info] > git check-ignore -v -z --stdin [2ms]
2026-05-06 11:26:41.744 [info] > git config --get commit.template [14ms]
2026-05-06 11:26:41.746 [info] > git for-each-ref --format=%(refname)%00%(upstream:short)%00%(objectname)%00%(upstream:track)%00%(upstream:remotename)%00%(upstream:remoteref) refs/heads/main refs/remotes/main [3ms]
2026-05-06 11:26:41.778 [info] > git for-each-ref --sort -committerdate --format %(refname)%00%(objectname)%00%(*objectname) [4ms]
2026-05-06 11:26:41.797 [info] > git status -z -uall [36ms]
2026-05-06 11:26:42.274 [info] > git check-ignore -v -z --stdin [3ms]
2026-05-06 11:26:46.828 [info] > git config --get commit.template [14ms]
2026-05-06 11:26:46.830 [info] > git for-each-ref --format=%(refname)%00%(upstream:short)%00%(objectname)%00%(upstream:track)%00%(upstream:remotename)%00%(upstream:remoteref) refs/heads/main refs/remotes/main [3ms]
2026-05-06 11:26:46.859 [info] > git for-each-ref --sort -committerdate --format %(refname)%00%(objectname)%00%(*objectname) [5ms]
2026-05-06 11:26:46.878 [info] > git status -z -uall [36ms]
2026-05-06 11:26:47.352 [info] > git check-ignore -v -z --stdin [4ms]
2026-05-06 11:26:51.912 [info] > git config --get commit.template [14ms]
2026-05-06 11:26:51.914 [info] > git for-each-ref --format=%(refname)%00%(upstream:short)%00%(objectname)%00%(upstream:track)%00%(upstream:remotename)%00%(upstream:remoteref) refs/heads/main refs/remotes/main [3ms]
2026-05-06 11:26:51.944 [info] > git for-each-ref --sort -committerdate --format %(refname)%00%(objectname)%00%(*objectname) [5ms]
2026-05-06 11:26:51.966 [info] > git status -z -uall [39ms]
2026-05-06 11:26:52.434 [info] > git check-ignore -v -z --stdin [3ms]
2026-05-06 11:26:56.169 [info] > git check-ignore -v -z --stdin [3ms]
2026-05-06 11:26:56.997 [info] > git config --get commit.template [13ms]
2026-05-06 11:26:56.998 [info] > git for-each-ref --format=%(refname)%00%(upstream:short)%00%(objectname)%00%(upstream:track)%00%(upstream:remotename)%00%(upstream:remoteref) refs/heads/main refs/remotes/main [3ms]
2026-05-06 11:26:57.029 [info] > git for-each-ref --sort -committerdate --format %(refname)%00%(objectname)%00%(*objectname) [5ms]
2026-05-06 11:26:57.051 [info] > git status -z -uall [40ms]
2026-05-06 11:26:57.529 [info] > git check-ignore -v -z --stdin [3ms]
2026-05-06 11:27:02.107 [info] > git for-each-ref --format=%(refname)%00%(upstream:short)%00%(objectname)%00%(upstream:track)%00%(upstream:remotename)%00%(upstream:remoteref) refs/heads/main refs/remotes/main [24ms]
2026-05-06 11:27:02.108 [info] > git config --get commit.template [38ms]
2026-05-06 11:27:02.144 [info] > git for-each-ref --sort -committerdate --format %(refname)%00%(objectname)%00%(*objectname) [7ms]
2026-05-06 11:27:02.165 [info] > git status -z -uall [41ms]
2026-05-06 11:27:02.618 [info] > git check-ignore -v -z --stdin [3ms]
2026-05-06 11:27:03.045 [info] > git log --format=%H%n%aN%n%aE%n%at%n%ct%n%P%n%D%n%B -z --shortstat --diff-merges=first-parent -n50 --skip=0 --topo-order --decorate=full --stdin [7428ms]
2026-05-06 11:27:03.471 [info] > git merge-base main origin/main [4ms]
2026-05-06 11:27:07.197 [info] > git config --get commit.template [14ms]
2026-05-06 11:27:07.200 [info] > git for-each-ref --format=%(refname)%00%(upstream:short)%00%(objectname)%00%(upstream:track)%00%(upstream:remotename)%00%(upstream:remoteref) refs/heads/main refs/remotes/main [4ms]
2026-05-06 11:27:07.232 [info] > git for-each-ref --sort -committerdate --format %(refname)%00%(objectname)%00%(*objectname) [8ms]
2026-05-06 11:27:07.252 [info] > git status -z -uall [40ms]
2026-05-06 11:27:07.739 [info] > git check-ignore -v -z --stdin [3ms]
2026-05-06 11:27:12.289 [info] > git config --get commit.template [16ms]
2026-05-06 11:27:12.293 [info] > git for-each-ref --format=%(refname)%00%(upstream:short)%00%(objectname)%00%(upstream:track)%00%(upstream:remotename)%00%(upstream:remoteref) refs/heads/main refs/remotes/main [5ms]
2026-05-06 11:27:12.332 [info] > git for-each-ref --sort -committerdate --format %(refname)%00%(objectname)%00%(*objectname) [6ms]
2026-05-06 11:27:12.351 [info] > git status -z -uall [43ms]
2026-05-06 11:27:14.518 [info] > git check-ignore -v -z --stdin [4ms]
2026-05-06 11:27:17.382 [info] > git config --get commit.template [14ms]
2026-05-06 11:27:17.384 [info] > git for-each-ref --format=%(refname)%00%(upstream:short)%00%(objectname)%00%(upstream:track)%00%(upstream:remotename)%00%(upstream:remoteref) refs/heads/main refs/remotes/main [3ms]
2026-05-06 11:27:17.414 [info] > git for-each-ref --sort -committerdate --format %(refname)%00%(objectname)%00%(*objectname) [6ms]
2026-05-06 11:27:17.438 [info] > git status -z -uall [41ms]
2026-05-06 11:27:18.254 [info] > git check-ignore -v -z --stdin [3ms]
2026-05-06 11:27:22.470 [info] > git config --get commit.template [14ms]
2026-05-06 11:27:22.473 [info] > git for-each-ref --format=%(refname)%00%(upstream:short)%00%(objectname)%00%(upstream:track)%00%(upstream:remotename)%00%(upstream:remoteref) refs/heads/main refs/remotes/main [5ms]
2026-05-06 11:27:22.501 [info] > git for-each-ref --sort -committerdate --format %(refname)%00%(objectname)%00%(*objectname) [4ms]
2026-05-06 11:27:22.521 [info] > git status -z -uall [35ms]
2026-05-06 11:27:23.033 [info] > git check-ignore -v -z --stdin [3ms]
2026-05-06 11:27:25.324 [info] > git check-ignore -v -z --stdin [3ms]
2026-05-06 11:27:25.956 [info] > git log --format=%H%n%aN%n%aE%n%at%n%ct%n%P%n%D%n%B -z --shortstat --diff-merges=first-parent -n50 --skip=0 --topo-order --decorate=full --stdin [1155ms]
2026-05-06 11:27:26.328 [info] > git merge-base main origin/main [4ms]
2026-05-06 11:27:27.557 [info] > git config --get commit.template [17ms]
2026-05-06 11:27:27.560 [info] > git for-each-ref --format=%(refname)%00%(upstream:short)%00%(objectname)%00%(upstream:track)%00%(upstream:remotename)%00%(upstream:remoteref) refs/heads/main refs/remotes/main [4ms]
2026-05-06 11:27:27.593 [info] > git for-each-ref --sort -committerdate --format %(refname)%00%(objectname)%00%(*objectname) [4ms]
2026-05-06 11:27:27.619 [info] > git status -z -uall [45ms]
2026-05-06 11:27:32.650 [info] > git config --get commit.template [14ms]
2026-05-06 11:27:32.653 [info] > git for-each-ref --format=%(refname)%00%(upstream:short)%00%(objectname)%00%(upstream:track)%00%(upstream:remotename)%00%(upstream:remoteref) refs/heads/main refs/remotes/main [3ms]
2026-05-06 11:27:32.680 [info] > git for-each-ref --sort -committerdate --format %(refname)%00%(objectname)%00%(*objectname) [4ms]
2026-05-06 11:27:32.702 [info] > git status -z -uall [38ms]
2026-05-06 11:27:37.733 [info] > git config --get commit.template [14ms]
2026-05-06 11:27:37.736 [info] > git for-each-ref --format=%(refname)%00%(upstream:short)%00%(objectname)%00%(upstream:track)%00%(upstream:remotename)%00%(upstream:remoteref) refs/heads/main refs/remotes/main [4ms]
2026-05-06 11:27:37.769 [info] > git for-each-ref --sort -committerdate --format %(refname)%00%(objectname)%00%(*objectname) [4ms]
2026-05-06 11:27:37.791 [info] > git status -z -uall [39ms]
2026-05-06 11:27:42.821 [info] > git config --get commit.template [14ms]
2026-05-06 11:27:42.823 [info] > git for-each-ref --format=%(refname)%00%(upstream:short)%00%(objectname)%00%(upstream:track)%00%(upstream:remotename)%00%(upstream:remoteref) refs/heads/main refs/remotes/main [3ms]
2026-05-06 11:27:42.851 [info] > git for-each-ref --sort -committerdate --format %(refname)%00%(objectname)%00%(*objectname) [4ms]
2026-05-06 11:27:42.870 [info] > git status -z -uall [35ms]
2026-05-06 11:27:47.903 [info] > git config --get commit.template [12ms]
2026-05-06 11:27:47.905 [info] > git for-each-ref --format=%(refname)%00%(upstream:short)%00%(objectname)%00%(upstream:track)%00%(upstream:remotename)%00%(upstream:remoteref) refs/heads/main refs/remotes/main [4ms]
2026-05-06 11:27:47.935 [info] > git for-each-ref --sort -committerdate --format %(refname)%00%(objectname)%00%(*objectname) [6ms]
2026-05-06 11:27:47.962 [info] > git status -z -uall [44ms]
2026-05-06 11:27:52.993 [info] > git config --get commit.template [13ms]
2026-05-06 11:27:52.995 [info] > git for-each-ref --format=%(refname)%00%(upstream:short)%00%(objectname)%00%(upstream:track)%00%(upstream:remotename)%00%(upstream:remoteref) refs/heads/main refs/remotes/main [3ms]
2026-05-06 11:27:53.027 [info] > git for-each-ref --sort -committerdate --format %(refname)%00%(objectname)%00%(*objectname) [5ms]
2026-05-06 11:27:53.060 [info] > git status -z -uall [51ms]
2026-05-06 11:27:58.091 [info] > git config --get commit.template [14ms]
2026-05-06 11:27:58.093 [info] > git for-each-ref --format=%(refname)%00%(upstream:short)%00%(objectname)%00%(upstream:track)%00%(upstream:remotename)%00%(upstream:remoteref) refs/heads/main refs/remotes/main [4ms]
2026-05-06 11:27:58.125 [info] > git for-each-ref --sort -committerdate --format %(refname)%00%(objectname)%00%(*objectname) [5ms]
2026-05-06 11:27:58.145 [info] > git status -z -uall [39ms]
2026-05-06 11:28:03.175 [info] > git config --get commit.template [12ms]
2026-05-06 11:28:03.177 [info] > git for-each-ref --format=%(refname)%00%(upstream:short)%00%(objectname)%00%(upstream:track)%00%(upstream:remotename)%00%(upstream:remoteref) refs/heads/main refs/remotes/main [3ms]
2026-05-06 11:28:03.205 [info] > git for-each-ref --sort -committerdate --format %(refname)%00%(objectname)%00%(*objectname) [5ms]
2026-05-06 11:28:03.225 [info] > git status -z -uall [36ms]
2026-05-06 11:28:08.260 [info] > git config --get commit.template [15ms]
2026-05-06 11:28:08.263 [info] > git for-each-ref --format=%(refname)%00%(upstream:short)%00%(objectname)%00%(upstream:track)%00%(upstream:remotename)%00%(upstream:remoteref) refs/heads/main refs/remotes/main [5ms]
2026-05-06 11:28:08.297 [info] > git for-each-ref --sort -committerdate --format %(refname)%00%(objectname)%00%(*objectname) [7ms]
2026-05-06 11:28:08.324 [info] > git status -z -uall [47ms]
2026-05-06 11:28:13.359 [info] > git config --get commit.template [15ms]
2026-05-06 11:28:13.362 [info] > git for-each-ref --format=%(refname)%00%(upstream:short)%00%(objectname)%00%(upstream:track)%00%(upstream:remotename)%00%(upstream:remoteref) refs/heads/main refs/remotes/main [5ms]
2026-05-06 11:28:13.397 [info] > git for-each-ref --sort -committerdate --format %(refname)%00%(objectname)%00%(*objectname) [7ms]
2026-05-06 11:28:13.420 [info] > git status -z -uall [44ms]
2026-05-06 11:28:18.451 [info] > git config --get commit.template [13ms]
2026-05-06 11:28:18.454 [info] > git for-each-ref --format=%(refname)%00%(upstream:short)%00%(objectname)%00%(upstream:track)%00%(upstream:remotename)%00%(upstream:remoteref) refs/heads/main refs/remotes/main [4ms]
2026-05-06 11:28:18.489 [info] > git for-each-ref --sort -committerdate --format %(refname)%00%(objectname)%00%(*objectname) [6ms]
2026-05-06 11:28:18.512 [info] > git status -z -uall [45ms]
2026-05-06 11:28:23.545 [info] > git config --get commit.template [15ms]
2026-05-06 11:28:23.547 [info] > git for-each-ref --format=%(refname)%00%(upstream:short)%00%(objectname)%00%(upstream:track)%00%(upstream:remotename)%00%(upstream:remoteref) refs/heads/main refs/remotes/main [4ms]
2026-05-06 11:28:23.575 [info] > git for-each-ref --sort -committerdate --format %(refname)%00%(objectname)%00%(*objectname) [4ms]
2026-05-06 11:28:23.594 [info] > git status -z -uall [35ms]
2026-05-06 11:28:28.626 [info] > git config --get commit.template [14ms]
2026-05-06 11:28:28.628 [info] > git for-each-ref --format=%(refname)%00%(upstream:short)%00%(objectname)%00%(upstream:track)%00%(upstream:remotename)%00%(upstream:remoteref) refs/heads/main refs/remotes/main [3ms]
2026-05-06 11:28:28.658 [info] > git for-each-ref --sort -committerdate --format %(refname)%00%(objectname)%00%(*objectname) [6ms]
2026-05-06 11:28:28.681 [info] > git status -z -uall [40ms]
2026-05-06 11:28:33.722 [info] > git config --get commit.template [20ms]
2026-05-06 11:28:33.724 [info] > git for-each-ref --format=%(refname)%00%(upstream:short)%00%(objectname)%00%(upstream:track)%00%(upstream:remotename)%00%(upstream:remoteref) refs/heads/main refs/remotes/main [3ms]
2026-05-06 11:28:33.767 [info] > git for-each-ref --sort -committerdate --format %(refname)%00%(objectname)%00%(*objectname) [5ms]
2026-05-06 11:28:33.792 [info] > git status -z -uall [52ms]
2026-05-06 11:28:35.304 [info] > git fetch [470ms]
2026-05-06 11:28:35.328 [info] > git config --get commit.template [11ms]
2026-05-06 11:28:35.329 [info] > git for-each-ref --format=%(refname)%00%(upstream:short)%00%(objectname)%00%(upstream:track)%00%(upstream:remotename)%00%(upstream:remoteref) refs/heads/main refs/remotes/main [2ms]
2026-05-06 11:28:35.358 [info] > git for-each-ref --sort -committerdate --format %(refname)%00%(objectname)%00%(*objectname) [5ms]
2026-05-06 11:28:35.376 [info] > git status -z -uall [35ms]
2026-05-06 11:28:38.824 [info] > git config --get commit.template [12ms]
2026-05-06 11:28:38.826 [info] > git for-each-ref --format=%(refname)%00%(upstream:short)%00%(objectname)%00%(upstream:track)%00%(upstream:remotename)%00%(upstream:remoteref) refs/heads/main refs/remotes/main [4ms]
2026-05-06 11:28:38.856 [info] > git for-each-ref --sort -committerdate --format %(refname)%00%(objectname)%00%(*objectname) [4ms]
2026-05-06 11:28:38.878 [info] > git status -z -uall [40ms]
2026-05-06 11:28:42.367 [info] > git rev-parse --show-toplevel [4ms]
2026-05-06 11:28:42.367 [info] fatal: not a git repository (or any of the parent directories): .git
2026-05-06 11:28:44.723 [info] > git config --get commit.template [3ms]
2026-05-06 11:28:44.737 [info] > git for-each-ref --format=%(refname)%00%(upstream:short)%00%(objectname)%00%(upstream:track)%00%(upstream:remotename)%00%(upstream:remoteref) refs/heads/main refs/remotes/main [3ms]
2026-05-06 11:28:44.766 [info] > git for-each-ref --sort -committerdate --format %(refname)%00%(objectname)%00%(*objectname) [6ms]
2026-05-06 11:28:44.786 [info] > git status -z -uall [37ms]
2026-05-06 11:28:49.816 [info] > git config --get commit.template [14ms]
2026-05-06 11:28:49.819 [info] > git for-each-ref --format=%(refname)%00%(upstream:short)%00%(objectname)%00%(upstream:track)%00%(upstream:remotename)%00%(upstream:remoteref) refs/heads/main refs/remotes/main [4ms]
2026-05-06 11:28:49.848 [info] > git for-each-ref --sort -committerdate --format %(refname)%00%(objectname)%00%(*objectname) [6ms]
2026-05-06 11:28:49.868 [info] > git status -z -uall [37ms]
2026-05-06 11:28:54.899 [info] > git config --get commit.template [13ms]
2026-05-06 11:28:54.900 [info] > git for-each-ref --format=%(refname)%00%(upstream:short)%00%(objectname)%00%(upstream:track)%00%(upstream:remotename)%00%(upstream:remoteref) refs/heads/main refs/remotes/main [3ms]
2026-05-06 11:28:54.932 [info] > git for-each-ref --sort -committerdate --format %(refname)%00%(objectname)%00%(*objectname) [5ms]
2026-05-06 11:28:54.951 [info] > git status -z -uall [39ms]
2026-05-06 11:29:05.734 [info] > git config --get commit.template [15ms]
2026-05-06 11:29:05.736 [info] > git for-each-ref --format=%(refname)%00%(upstream:short)%00%(objectname)%00%(upstream:track)%00%(upstream:remotename)%00%(upstream:remoteref) refs/heads/main refs/remotes/main [3ms]
2026-05-06 11:29:05.763 [info] > git for-each-ref --sort -committerdate --format %(refname)%00%(objectname)%00%(*objectname) [5ms]
2026-05-06 11:29:05.783 [info] > git status -z -uall [36ms]
2026-05-06 11:29:10.812 [info] > git config --get commit.template [13ms]
2026-05-06 11:29:10.814 [info] > git for-each-ref --format=%(refname)%00%(upstream:short)%00%(objectname)%00%(upstream:track)%00%(upstream:remotename)%00%(upstream:remoteref) refs/heads/main refs/remotes/main [3ms]
2026-05-06 11:29:10.843 [info] > git for-each-ref --sort -committerdate --format %(refname)%00%(objectname)%00%(*objectname) [5ms]
2026-05-06 11:29:10.863 [info] > git status -z -uall [36ms]
2026-05-06 11:29:15.280 [info] > git rev-parse --show-toplevel [3ms]
2026-05-06 11:29:15.280 [info] fatal: not a git repository (or any of the parent directories): .git
2026-05-06 11:29:15.892 [info] > git config --get commit.template [12ms]
2026-05-06 11:29:15.894 [info] > git for-each-ref --format=%(refname)%00%(upstream:short)%00%(objectname)%00%(upstream:track)%00%(upstream:remotename)%00%(upstream:remoteref) refs/heads/main refs/remotes/main [3ms]
2026-05-06 11:29:15.931 [info] > git for-each-ref --sort -committerdate --format %(refname)%00%(objectname)%00%(*objectname) [13ms]
2026-05-06 11:29:15.947 [info] > git status -z -uall [40ms]
2026-05-06 11:29:21.789 [info] > git config --get commit.template [2ms]
2026-05-06 11:29:21.804 [info] > git for-each-ref --format=%(refname)%00%(upstream:short)%00%(objectname)%00%(upstream:track)%00%(upstream:remotename)%00%(upstream:remoteref) refs/heads/main refs/remotes/main [3ms]
2026-05-06 11:29:21.833 [info] > git for-each-ref --sort -committerdate --format %(refname)%00%(objectname)%00%(*objectname) [5ms]
2026-05-06 11:29:21.852 [info] > git status -z -uall [36ms]
2026-05-06 11:29:30.764 [info] > git config --get commit.template [13ms]
2026-05-06 11:29:30.765 [info] > git for-each-ref --format=%(refname)%00%(upstream:short)%00%(objectname)%00%(upstream:track)%00%(upstream:remotename)%00%(upstream:remoteref) refs/heads/main refs/remotes/main [3ms]
2026-05-06 11:29:30.792 [info] > git for-each-ref --sort -committerdate --format %(refname)%00%(objectname)%00%(*objectname) [4ms]
2026-05-06 11:29:30.816 [info] > git status -z -uall [39ms]
2026-05-06 11:29:35.849 [info] > git config --get commit.template [15ms]
2026-05-06 11:29:35.851 [info] > git for-each-ref --format=%(refname)%00%(upstream:short)%00%(objectname)%00%(upstream:track)%00%(upstream:remotename)%00%(upstream:remoteref) refs/heads/main refs/remotes/main [3ms]
2026-05-06 11:29:35.879 [info] > git for-each-ref --sort -committerdate --format %(refname)%00%(objectname)%00%(*objectname) [4ms]
2026-05-06 11:29:35.898 [info] > git status -z -uall [35ms]
2026-05-06 11:29:38.817 [info] > git -c user.useConfigOnly=true commit --quiet [134585ms]
2026-05-06 11:29:38.835 [info] > git check-ignore -v -z --stdin [19ms]
2026-05-06 11:29:38.837 [info] > git config --get commit.template [2ms]
2026-05-06 11:29:38.856 [info] > git for-each-ref --format=%(refname)%00%(upstream:short)%00%(objectname)%00%(upstream:track)%00%(upstream:remotename)%00%(upstream:remoteref) refs/heads/main refs/remotes/main [5ms]
2026-05-06 11:29:38.889 [info] > git status -z -uall [19ms]
2026-05-06 11:29:38.891 [info] > git for-each-ref --sort -committerdate --format %(refname)%00%(objectname)%00%(*objectname) [6ms]
2026-05-06 11:29:39.009 [info] > git show --textconv :server.ts [57ms]
2026-05-06 11:29:39.009 [info] > git show --textconv HEAD:server.ts [37ms]
2026-05-06 11:29:39.009 [info] > git merge-base refs/heads/main refs/remotes/origin/main [97ms]
2026-05-06 11:29:39.032 [info] > git ls-tree -l HEAD -- server.ts [25ms]
2026-05-06 11:29:39.036 [info] > git ls-files --stage -- server.ts [47ms]
2026-05-06 11:29:39.059 [info] > git cat-file -s 568c2bdd9f7ad171b15656c11b8a99f281c5fd6d [5ms]
2026-05-06 11:29:39.059 [info] > git diff --raw --numstat --diff-filter=ADMR -z --find-renames=50% de8960a8234c8db7dfd07e3b03ca4ba256103dd4...refs/remotes/origin/main -- [31ms]
2026-05-06 11:29:39.170 [info] > git config --get commit.template [4ms]
2026-05-06 11:29:39.188 [info] > git for-each-ref --format=%(refname)%00%(upstream:short)%00%(objectname)%00%(upstream:track)%00%(upstream:remotename)%00%(upstream:remoteref) refs/heads/main refs/remotes/main [6ms]
2026-05-06 11:29:39.223 [info] > git status -z -uall [21ms]
2026-05-06 11:29:39.227 [info] > git for-each-ref --sort -committerdate --format %(refname)%00%(objectname)%00%(*objectname) [12ms]
2026-05-06 11:29:39.267 [info] > git log --format=%H%n%aN%n%aE%n%at%n%ct%n%P%n%D%n%B -z --shortstat --diff-merges=first-parent -n50 --skip=0 --topo-order --decorate=full --stdin [608ms]
2026-05-06 11:29:39.387 [info] > git fetch [458ms]
2026-05-06 11:29:39.414 [info] > git config --get commit.template [13ms]
2026-05-06 11:29:39.419 [info] > git for-each-ref --format=%(refname)%00%(upstream:short)%00%(objectname)%00%(upstream:track)%00%(upstream:remotename)%00%(upstream:remoteref) refs/heads/main refs/remotes/main [6ms]
2026-05-06 11:29:39.444 [info] > git status -z -uall [12ms]
2026-05-06 11:29:39.448 [info] > git for-each-ref --sort -committerdate --format %(refname)%00%(objectname)%00%(*objectname) [5ms]
2026-05-06 11:29:39.585 [info] > git merge-base main origin/main [3ms]
2026-05-06 11:29:39.602 [info] > git check-ignore -v -z --stdin [4ms]
2026-05-06 11:29:40.725 [info] > git config --get commit.template [13ms]
2026-05-06 11:29:40.729 [info] > git for-each-ref --format=%(refname)%00%(upstream:short)%00%(objectname)%00%(upstream:track)%00%(upstream:remotename)%00%(upstream:remoteref) refs/heads/main refs/remotes/main [5ms]
2026-05-06 11:29:40.755 [info] > git status -z -uall [14ms]
2026-05-06 11:29:40.759 [info] > git for-each-ref --sort -committerdate --format %(refname)%00%(objectname)%00%(*objectname) [7ms]
2026-05-06 11:29:40.916 [info] > git config --get commit.template [2ms]
2026-05-06 11:29:40.931 [info] > git for-each-ref --format=%(refname)%00%(upstream:short)%00%(objectname)%00%(upstream:track)%00%(upstream:remotename)%00%(upstream:remoteref) refs/heads/main refs/remotes/main [4ms]
2026-05-06 11:29:40.960 [info] > git for-each-ref --sort -committerdate --format %(refname)%00%(objectname)%00%(*objectname) [4ms]
2026-05-06 11:29:40.978 [info] > git status -z -uall [34ms]
2026-05-06 11:29:41.410 [info] > git check-ignore -v -z --stdin [2ms]
2026-05-06 11:29:46.009 [info] > git config --get commit.template [14ms]
2026-05-06 11:29:46.011 [info] > git for-each-ref --format=%(refname)%00%(upstream:short)%00%(objectname)%00%(upstream:track)%00%(upstream:remotename)%00%(upstream:remoteref) refs/heads/main refs/remotes/main [3ms]
2026-05-06 11:29:46.040 [info] > git for-each-ref --sort -committerdate --format %(refname)%00%(objectname)%00%(*objectname) [4ms]
2026-05-06 11:29:46.061 [info] > git status -z -uall [37ms]
2026-05-06 11:29:46.522 [info] > git check-ignore -v -z --stdin [3ms]
2026-05-06 11:29:51.090 [info] > git config --get commit.template [13ms]
2026-05-06 11:29:51.093 [info] > git for-each-ref --format=%(refname)%00%(upstream:short)%00%(objectname)%00%(upstream:track)%00%(upstream:remotename)%00%(upstream:remoteref) refs/heads/main refs/remotes/main [3ms]
2026-05-06 11:29:51.123 [info] > git for-each-ref --sort -committerdate --format %(refname)%00%(objectname)%00%(*objectname) [5ms]
2026-05-06 11:29:51.143 [info] > git status -z -uall [37ms]
2026-05-06 11:29:51.599 [info] > git check-ignore -v -z --stdin [2ms]
2026-05-06 11:29:52.781 [info] > git check-ignore -v -z --stdin [2ms]
2026-05-06 11:29:56.173 [info] > git config --get commit.template [13ms]
2026-05-06 11:29:56.175 [info] > git for-each-ref --format=%(refname)%00%(upstream:short)%00%(objectname)%00%(upstream:track)%00%(upstream:remotename)%00%(upstream:remoteref) refs/heads/main refs/remotes/main [3ms]
2026-05-06 11:29:56.204 [info] > git for-each-ref --sort -committerdate --format %(refname)%00%(objectname)%00%(*objectname) [4ms]
2026-05-06 11:29:56.223 [info] > git status -z -uall [36ms]
2026-05-06 11:29:56.804 [info] > git check-ignore -v -z --stdin [2ms]
2026-05-06 11:30:01.251 [info] > git config --get commit.template [12ms]
2026-05-06 11:30:01.254 [info] > git for-each-ref --format=%(refname)%00%(upstream:short)%00%(objectname)%00%(upstream:track)%00%(upstream:remotename)%00%(upstream:remoteref) refs/heads/main refs/remotes/main [4ms]
2026-05-06 11:30:01.282 [info] > git for-each-ref --sort -committerdate --format %(refname)%00%(objectname)%00%(*objectname) [5ms]
2026-05-06 11:30:01.303 [info] > git status -z -uall [36ms]
2026-05-06 11:30:01.807 [info] > git check-ignore -v -z --stdin [2ms]
2026-05-06 11:30:30.672 [info] > git -c user.useConfigOnly=true commit --quiet [27919ms]
2026-05-06 11:30:30.724 [info] > git config --get commit.template [26ms]
2026-05-06 11:30:30.734 [info] > git for-each-ref --format=%(refname)%00%(upstream:short)%00%(objectname)%00%(upstream:track)%00%(upstream:remotename)%00%(upstream:remoteref) refs/heads/main refs/remotes/main [14ms]
2026-05-06 11:30:30.770 [info] > git for-each-ref --sort -committerdate --format %(refname)%00%(objectname)%00%(*objectname) [5ms]
2026-05-06 11:30:30.796 [info] > git status -z -uall [43ms]
2026-05-06 11:30:30.837 [info] > git merge-base refs/heads/main refs/remotes/origin/main [21ms]
2026-05-06 11:30:30.854 [info] > git config --get commit.template [17ms]
2026-05-06 11:30:30.889 [info] > git check-ignore -v -z --stdin [20ms]
2026-05-06 11:30:30.891 [info] > git diff --raw --numstat --diff-filter=ADMR -z --find-renames=50% 632fed02e33c71c9b90a19b2ae5dc1bb3eea7f55...refs/remotes/origin/main -- [39ms]
2026-05-06 11:30:30.893 [info] > git for-each-ref --format=%(refname)%00%(upstream:short)%00%(objectname)%00%(upstream:track)%00%(upstream:remotename)%00%(upstream:remoteref) refs/heads/main refs/remotes/main [9ms]
2026-05-06 11:30:30.946 [info] > git for-each-ref --sort -committerdate --format %(refname)%00%(objectname)%00%(*objectname) [23ms]
2026-05-06 11:30:30.951 [info] > git status -z -uall [40ms]
2026-05-06 11:30:31.152 [info] > git show --textconv :server.ts [46ms]
2026-05-06 11:30:31.153 [info] > git config --get commit.template [6ms]
2026-05-06 11:30:31.153 [info] > git ls-files --stage -- server.ts [34ms]
2026-05-06 11:30:31.196 [info] > git cat-file -s 568c2bdd9f7ad171b15656c11b8a99f281c5fd6d [23ms]
2026-05-06 11:30:31.200 [info] > git for-each-ref --format=%(refname)%00%(upstream:short)%00%(objectname)%00%(upstream:track)%00%(upstream:remotename)%00%(upstream:remoteref) refs/heads/main refs/remotes/main [5ms]
2026-05-06 11:30:31.243 [info] > git for-each-ref --sort -committerdate --format %(refname)%00%(objectname)%00%(*objectname) [12ms]
2026-05-06 11:30:31.264 [info] > git status -z -uall [49ms]
2026-05-06 11:30:31.495 [info] > git blame --root --incremental e351cc553f2fcf4d57075ee8e9af772804c66a72 -- server.ts [7ms]
2026-05-06 11:30:31.546 [info] > git check-ignore -v -z --stdin [4ms]
2026-05-06 11:30:31.658 [info] > git check-ignore -v -z --stdin [4ms]
2026-05-06 11:30:31.779 [info] > git check-ignore -v -z --stdin [4ms]
2026-05-06 11:30:32.262 [info] > git log --format=%H%n%aN%n%aE%n%at%n%ct%n%P%n%D%n%B -z --shortstat --diff-merges=first-parent -n50 --skip=0 --topo-order --decorate=full --stdin [1196ms]
2026-05-06 11:30:32.706 [info] > git merge-base main origin/main [5ms]
2026-05-06 11:30:35.984 [info] > git config --get commit.template [13ms]
2026-05-06 11:30:35.986 [info] > git for-each-ref --format=%(refname)%00%(upstream:short)%00%(objectname)%00%(upstream:track)%00%(upstream:remotename)%00%(upstream:remoteref) refs/heads/main refs/remotes/main [4ms]
2026-05-06 11:30:36.019 [info] > git for-each-ref --sort -committerdate --format %(refname)%00%(objectname)%00%(*objectname) [5ms]
2026-05-06 11:30:36.054 [info] > git status -z -uall [55ms]
2026-05-06 11:30:36.628 [info] > git check-ignore -v -z --stdin [3ms]
2026-05-06 11:30:41.086 [info] > git config --get commit.template [14ms]
2026-05-06 11:30:41.088 [info] > git for-each-ref --format=%(refname)%00%(upstream:short)%00%(objectname)%00%(upstream:track)%00%(upstream:remotename)%00%(upstream:remoteref) refs/heads/main refs/remotes/main [3ms]
2026-05-06 11:30:41.118 [info] > git for-each-ref --sort -committerdate --format %(refname)%00%(objectname)%00%(*objectname) [5ms]
2026-05-06 11:30:41.135 [info] > git status -z -uall [35ms]
2026-05-06 11:30:41.577 [info] > git check-ignore -v -z --stdin [3ms]
2026-05-06 11:30:46.166 [info] > git config --get commit.template [15ms]
2026-05-06 11:30:46.167 [info] > git for-each-ref --format=%(refname)%00%(upstream:short)%00%(objectname)%00%(upstream:track)%00%(upstream:remotename)%00%(upstream:remoteref) refs/heads/main refs/remotes/main [3ms]
2026-05-06 11:30:46.198 [info] > git for-each-ref --sort -committerdate --format %(refname)%00%(objectname)%00%(*objectname) [5ms]
2026-05-06 11:30:46.217 [info] > git status -z -uall [37ms]
2026-05-06 11:30:46.679 [info] > git check-ignore -v -z --stdin [3ms]
2026-05-06 11:30:51.252 [info] > git config --get commit.template [13ms]
2026-05-06 11:30:51.255 [info] > git for-each-ref --format=%(refname)%00%(upstream:short)%00%(objectname)%00%(upstream:track)%00%(upstream:remotename)%00%(upstream:remoteref) refs/heads/main refs/remotes/main [5ms]
2026-05-06 11:30:51.285 [info] > git for-each-ref --sort -committerdate --format %(refname)%00%(objectname)%00%(*objectname) [5ms]
2026-05-06 11:30:51.306 [info] > git status -z -uall [38ms]
2026-05-06 11:30:51.768 [info] > git check-ignore -v -z --stdin [3ms]
2026-05-06 11:30:56.337 [info] > git config --get commit.template [13ms]
2026-05-06 11:30:56.339 [info] > git for-each-ref --format=%(refname)%00%(upstream:short)%00%(objectname)%00%(upstream:track)%00%(upstream:remotename)%00%(upstream:remoteref) refs/heads/main refs/remotes/main [3ms]
2026-05-06 11:30:56.376 [info] > git for-each-ref --sort -committerdate --format %(refname)%00%(objectname)%00%(*objectname) [7ms]
2026-05-06 11:30:56.396 [info] > git status -z -uall [42ms]
2026-05-06 11:30:56.848 [info] > git check-ignore -v -z --stdin [2ms]
2026-05-06 11:31:01.417 [info] > git config --get commit.template [2ms]
2026-05-06 11:31:01.433 [info] > git for-each-ref --format=%(refname)%00%(upstream:short)%00%(objectname)%00%(upstream:track)%00%(upstream:remotename)%00%(upstream:remoteref) refs/heads/main refs/remotes/main [4ms]
2026-05-06 11:31:01.464 [info] > git for-each-ref --sort -committerdate --format %(refname)%00%(objectname)%00%(*objectname) [5ms]
2026-05-06 11:31:01.485 [info] > git status -z -uall [38ms]
2026-05-06 11:31:01.943 [info] > git check-ignore -v -z --stdin [3ms]
2026-05-06 11:31:06.521 [info] > git config --get commit.template [14ms]
2026-05-06 11:31:06.524 [info] > git for-each-ref --format=%(refname)%00%(upstream:short)%00%(objectname)%00%(upstream:track)%00%(upstream:remotename)%00%(upstream:remoteref) refs/heads/main refs/remotes/main [5ms]
2026-05-06 11:31:06.559 [info] > git for-each-ref --sort -committerdate --format %(refname)%00%(objectname)%00%(*objectname) [6ms]
2026-05-06 11:31:06.587 [info] > git status -z -uall [46ms]
2026-05-06 11:31:07.052 [info] > git check-ignore -v -z --stdin [3ms]
2026-05-06 11:31:11.196 [info] > git add -A -- . [1932ms]
2026-05-06 11:32:39.882 [info] > git fetch [414ms]
2026-05-06 11:32:39.910 [info] > git config --get commit.template [14ms]
2026-05-06 11:32:39.914 [info] > git for-each-ref --format=%(refname)%00%(upstream:short)%00%(objectname)%00%(upstream:track)%00%(upstream:remotename)%00%(upstream:remoteref) refs/heads/main refs/remotes/main [6ms]
2026-05-06 11:32:39.939 [info] > git status -z -uall [12ms]
2026-05-06 11:32:39.944 [info] > git for-each-ref --sort -committerdate --format %(refname)%00%(objectname)%00%(*objectname) [6ms]
2026-05-06 11:32:41.139 [info] > git config --get commit.template [13ms]
2026-05-06 11:32:41.145 [info] > git for-each-ref --format=%(refname)%00%(upstream:short)%00%(objectname)%00%(upstream:track)%00%(upstream:remotename)%00%(upstream:remoteref) refs/heads/main refs/remotes/main [8ms]
2026-05-06 11:32:41.173 [info] > git status -z -uall [15ms]
2026-05-06 11:32:41.176 [info] > git for-each-ref --sort -committerdate --format %(refname)%00%(objectname)%00%(*objectname) [6ms]
2026-05-06 11:34:32.150 [info] > git -c user.useConfigOnly=true commit --quiet [200942ms]
2026-05-06 11:34:32.182 [info] > git config --get commit.template [15ms]
2026-05-06 11:34:32.185 [info] > git for-each-ref --format=%(refname)%00%(upstream:short)%00%(objectname)%00%(upstream:track)%00%(upstream:remotename)%00%(upstream:remoteref) refs/heads/main refs/remotes/main [6ms]
2026-05-06 11:34:32.217 [info] > git for-each-ref --sort -committerdate --format %(refname)%00%(objectname)%00%(*objectname) [6ms]
2026-05-06 11:34:32.240 [info] > git status -z -uall [42ms]
2026-05-06 11:34:32.301 [info] > git merge-base refs/heads/main refs/remotes/origin/main [39ms]
2026-05-06 11:34:32.317 [info] > git config --get commit.template [22ms]
2026-05-06 11:34:32.318 [info] > git diff --raw --numstat --diff-filter=ADMR -z --find-renames=50% 632fed02e33c71c9b90a19b2ae5dc1bb3eea7f55...refs/remotes/origin/main -- [4ms]
2026-05-06 11:34:32.339 [info] > git for-each-ref --format=%(refname)%00%(upstream:short)%00%(objectname)%00%(upstream:track)%00%(upstream:remotename)%00%(upstream:remoteref) refs/heads/main refs/remotes/main [5ms]
2026-05-06 11:34:32.380 [info] > git for-each-ref --sort -committerdate --format %(refname)%00%(objectname)%00%(*objectname) [8ms]
2026-05-06 11:34:32.398 [info] > git status -z -uall [44ms]
2026-05-06 11:34:32.403 [info] > git check-ignore -v -z --stdin [7ms]
2026-05-06 11:34:32.585 [info] > git for-each-ref --format=%(refname)%00%(upstream:short)%00%(objectname)%00%(upstream:track)%00%(upstream:remotename)%00%(upstream:remoteref) refs/heads/main refs/remotes/main [5ms]
2026-05-06 11:34:32.585 [info] > git config --get commit.template [22ms]
2026-05-06 11:34:32.657 [info] > git status -z -uall [59ms]
2026-05-06 11:34:32.657 [info] > git show --textconv :server.ts [17ms]
2026-05-06 11:34:32.658 [info] > git for-each-ref --sort -committerdate --format %(refname)%00%(objectname)%00%(*objectname) [41ms]
2026-05-06 11:34:32.667 [info] > git ls-files --stage -- server.ts [12ms]
2026-05-06 11:34:32.687 [info] > git cat-file -s 568c2bdd9f7ad171b15656c11b8a99f281c5fd6d [6ms]
2026-05-06 11:34:32.742 [info] > git fetch [461ms]
2026-05-06 11:34:32.841 [info] > git for-each-ref --format=%(refname)%00%(upstream:short)%00%(objectname)%00%(upstream:track)%00%(upstream:remotename)%00%(upstream:remoteref) refs/heads/main refs/remotes/main [67ms]
2026-05-06 11:34:32.841 [info] > git config --get commit.template [85ms]
2026-05-06 11:34:32.880 [info] > git for-each-ref --sort -committerdate --format %(refname)%00%(objectname)%00%(*objectname) [10ms]
2026-05-06 11:34:32.908 [info] > git status -z -uall [52ms]
2026-05-06 11:34:32.912 [info] > git blame --root --incremental 1675232413e49ec3d0432844be664a31cd9b04b3 -- server.ts [6ms]
2026-05-06 11:34:33.140 [info] > git check-ignore -v -z --stdin [2ms]
2026-05-06 11:34:33.590 [info] > git check-ignore -v -z --stdin [3ms]
2026-05-06 11:34:33.863 [info] > git log --format=%H%n%aN%n%aE%n%at%n%ct%n%P%n%D%n%B -z --shortstat --diff-merges=first-parent -n50 --skip=0 --topo-order --decorate=full --stdin [1391ms]
2026-05-06 11:34:34.076 [info] > git merge-base main origin/main [4ms]
2026-05-06 11:34:34.315 [info] > git ls-files --stage -- server.ts [2ms]
2026-05-06 11:34:34.329 [info] > git cat-file -s 568c2bdd9f7ad171b15656c11b8a99f281c5fd6d [2ms]
2026-05-06 11:34:34.398 [info] > git show --textconv :server.ts [3ms]
2026-05-06 11:34:37.431 [info] > git config --get commit.template [13ms]
2026-05-06 11:34:37.433 [info] > git for-each-ref --format=%(refname)%00%(upstream:short)%00%(objectname)%00%(upstream:track)%00%(upstream:remotename)%00%(upstream:remoteref) refs/heads/main refs/remotes/main [4ms]
2026-05-06 11:34:37.470 [info] > git for-each-ref --sort -committerdate --format %(refname)%00%(objectname)%00%(*objectname) [9ms]
2026-05-06 11:34:37.492 [info] > git status -z -uall [42ms]
2026-05-06 11:34:38.042 [info] > git check-ignore -v -z --stdin [3ms]
2026-05-06 11:34:42.523 [info] > git config --get commit.template [14ms]
2026-05-06 11:34:42.525 [info] > git for-each-ref --format=%(refname)%00%(upstream:short)%00%(objectname)%00%(upstream:track)%00%(upstream:remotename)%00%(upstream:remoteref) refs/heads/main refs/remotes/main [3ms]
2026-05-06 11:34:42.561 [info] > git for-each-ref --sort -committerdate --format %(refname)%00%(objectname)%00%(*objectname) [6ms]
2026-05-06 11:34:42.579 [info] > git status -z -uall [39ms]
2026-05-06 11:34:43.047 [info] > git check-ignore -v -z --stdin [3ms]
2026-05-06 11:34:47.603 [info] > git config --get commit.template [5ms]
2026-05-06 11:34:47.624 [info] > git for-each-ref --format=%(refname)%00%(upstream:short)%00%(objectname)%00%(upstream:track)%00%(upstream:remotename)%00%(upstream:remoteref) refs/heads/main refs/remotes/main [4ms]
2026-05-06 11:34:47.660 [info] > git for-each-ref --sort -committerdate --format %(refname)%00%(objectname)%00%(*objectname) [4ms]
2026-05-06 11:34:47.679 [info] > git status -z -uall [38ms]
2026-05-06 11:34:48.097 [info] > git check-ignore -v -z --stdin [2ms]
2026-05-06 11:34:52.712 [info] > git config --get commit.template [14ms]
2026-05-06 11:34:52.714 [info] > git for-each-ref --format=%(refname)%00%(upstream:short)%00%(objectname)%00%(upstream:track)%00%(upstream:remotename)%00%(upstream:remoteref) refs/heads/main refs/remotes/main [3ms]
2026-05-06 11:34:52.744 [info] > git for-each-ref --sort -committerdate --format %(refname)%00%(objectname)%00%(*objectname) [6ms]
2026-05-06 11:34:52.766 [info] > git status -z -uall [39ms]
2026-05-06 11:34:53.222 [info] > git check-ignore -v -z --stdin [3ms]
2026-05-06 11:34:57.800 [info] > git config --get commit.template [17ms]
2026-05-06 11:34:57.803 [info] > git for-each-ref --format=%(refname)%00%(upstream:short)%00%(objectname)%00%(upstream:track)%00%(upstream:remotename)%00%(upstream:remoteref) refs/heads/main refs/remotes/main [4ms]
2026-05-06 11:34:57.837 [info] > git for-each-ref --sort -committerdate --format %(refname)%00%(objectname)%00%(*objectname) [4ms]
2026-05-06 11:34:57.857 [info] > git status -z -uall [38ms]
2026-05-06 11:34:58.295 [info] > git check-ignore -v -z --stdin [3ms]
2026-05-06 11:35:02.895 [info] > git config --get commit.template [18ms]
2026-05-06 11:35:02.900 [info] > git for-each-ref --format=%(refname)%00%(upstream:short)%00%(objectname)%00%(upstream:track)%00%(upstream:remotename)%00%(upstream:remoteref) refs/heads/main refs/remotes/main [6ms]
2026-05-06 11:35:02.937 [info] > git for-each-ref --sort -committerdate --format %(refname)%00%(objectname)%00%(*objectname) [5ms]
2026-05-06 11:35:02.957 [info] > git status -z -uall [41ms]
2026-05-06 11:35:03.382 [info] > git check-ignore -v -z --stdin [4ms]
2026-05-06 11:35:07.991 [info] > git config --get commit.template [16ms]
2026-05-06 11:35:07.993 [info] > git for-each-ref --format=%(refname)%00%(upstream:short)%00%(objectname)%00%(upstream:track)%00%(upstream:remotename)%00%(upstream:remoteref) refs/heads/main refs/remotes/main [3ms]
2026-05-06 11:35:08.041 [info] > git for-each-ref --sort -committerdate --format %(refname)%00%(objectname)%00%(*objectname) [8ms]
2026-05-06 11:35:08.080 [info] > git status -z -uall [72ms]
2026-05-06 11:35:08.506 [info] > git check-ignore -v -z --stdin [3ms]
2026-05-06 11:35:13.104 [info] > git config --get commit.template [3ms]
2026-05-06 11:35:13.120 [info] > git for-each-ref --format=%(refname)%00%(upstream:short)%00%(objectname)%00%(upstream:track)%00%(upstream:remotename)%00%(upstream:remoteref) refs/heads/main refs/remotes/main [3ms]
2026-05-06 11:35:13.152 [info] > git for-each-ref --sort -committerdate --format %(refname)%00%(objectname)%00%(*objectname) [5ms]
2026-05-06 11:35:13.178 [info] > git status -z -uall [43ms]
2026-05-06 11:35:13.595 [info] > git check-ignore -v -z --stdin [3ms]
2026-05-06 11:35:18.211 [info] > git config --get commit.template [14ms]
2026-05-06 11:35:18.212 [info] > git for-each-ref --format=%(refname)%00%(upstream:short)%00%(objectname)%00%(upstream:track)%00%(upstream:remotename)%00%(upstream:remoteref) refs/heads/main refs/remotes/main [3ms]
2026-05-06 11:35:18.250 [info] > git for-each-ref --sort -committerdate --format %(refname)%00%(objectname)%00%(*objectname) [9ms]
2026-05-06 11:35:18.276 [info] > git status -z -uall [52ms]
2026-05-06 11:35:18.689 [info] > git check-ignore -v -z --stdin [3ms]
2026-05-06 11:35:20.749 [info] > git check-ignore -v -z --stdin [6ms]
2026-05-06 11:35:23.308 [info] > git config --get commit.template [16ms]
2026-05-06 11:35:23.310 [info] > git for-each-ref --format=%(refname)%00%(upstream:short)%00%(objectname)%00%(upstream:track)%00%(upstream:remotename)%00%(upstream:remoteref) refs/heads/main refs/remotes/main [3ms]
2026-05-06 11:35:23.343 [info] > git for-each-ref --sort -committerdate --format %(refname)%00%(objectname)%00%(*objectname) [6ms]
2026-05-06 11:35:23.362 [info] > git status -z -uall [38ms]
2026-05-06 11:35:23.878 [info] > git check-ignore -v -z --stdin [3ms]
2026-05-06 11:35:28.397 [info] > git config --get commit.template [18ms]
2026-05-06 11:35:28.399 [info] > git for-each-ref --format=%(refname)%00%(upstream:short)%00%(objectname)%00%(upstream:track)%00%(upstream:remotename)%00%(upstream:remoteref) refs/heads/main refs/remotes/main [3ms]
2026-05-06 11:35:28.437 [info] > git for-each-ref --sort -committerdate --format %(refname)%00%(objectname)%00%(*objectname) [5ms]
2026-05-06 11:35:28.463 [info] > git status -z -uall [46ms]
2026-05-06 11:35:28.921 [info] > git check-ignore -v -z --stdin [4ms]
2026-05-06 11:35:33.494 [info] > git config --get commit.template [14ms]
2026-05-06 11:35:33.499 [info] > git for-each-ref --format=%(refname)%00%(upstream:short)%00%(objectname)%00%(upstream:track)%00%(upstream:remotename)%00%(upstream:remoteref) refs/heads/main refs/remotes/main [6ms]
2026-05-06 11:35:33.534 [info] > git for-each-ref --sort -committerdate --format %(refname)%00%(objectname)%00%(*objectname) [7ms]
2026-05-06 11:35:33.552 [info] > git status -z -uall [39ms]
2026-05-06 11:35:34.009 [info] > git check-ignore -v -z --stdin [4ms]
2026-05-06 11:35:38.580 [info] > git config --get commit.template [13ms]
2026-05-06 11:35:38.582 [info] > git for-each-ref --format=%(refname)%00%(upstream:short)%00%(objectname)%00%(upstream:track)%00%(upstream:remotename)%00%(upstream:remoteref) refs/heads/main refs/remotes/main [3ms]
2026-05-06 11:35:38.610 [info] > git for-each-ref --sort -committerdate --format %(refname)%00%(objectname)%00%(*objectname) [5ms]
2026-05-06 11:35:38.632 [info] > git status -z -uall [38ms]
2026-05-06 11:35:39.088 [info] > git check-ignore -v -z --stdin [3ms]
2026-05-06 11:35:40.424 [info] > git fetch [462ms]
2026-05-06 11:35:40.451 [info] > git config --get commit.template [14ms]
2026-05-06 11:35:40.457 [info] > git for-each-ref --format=%(refname)%00%(upstream:short)%00%(objectname)%00%(upstream:track)%00%(upstream:remotename)%00%(upstream:remoteref) refs/heads/main refs/remotes/main [7ms]
2026-05-06 11:35:40.484 [info] > git status -z -uall [13ms]
2026-05-06 11:35:40.489 [info] > git for-each-ref --sort -committerdate --format %(refname)%00%(objectname)%00%(*objectname) [7ms]
2026-05-06 11:35:41.693 [info] > git config --get commit.template [13ms]
2026-05-06 11:35:41.698 [info] > git for-each-ref --format=%(refname)%00%(upstream:short)%00%(objectname)%00%(upstream:track)%00%(upstream:remotename)%00%(upstream:remoteref) refs/heads/main refs/remotes/main [6ms]
2026-05-06 11:35:41.726 [info] > git status -z -uall [15ms]
2026-05-06 11:35:41.728 [info] > git for-each-ref --sort -committerdate --format %(refname)%00%(objectname)%00%(*objectname) [6ms]
2026-05-06 11:35:43.660 [info] > git config --get commit.template [12ms]
2026-05-06 11:35:43.661 [info] > git for-each-ref --format=%(refname)%00%(upstream:short)%00%(objectname)%00%(upstream:track)%00%(upstream:remotename)%00%(upstream:remoteref) refs/heads/main refs/remotes/main [3ms]
2026-05-06 11:35:43.692 [info] > git for-each-ref --sort -committerdate --format %(refname)%00%(objectname)%00%(*objectname) [5ms]
2026-05-06 11:35:43.720 [info] > git status -z -uall [46ms]
2026-05-06 11:35:44.129 [info] > git check-ignore -v -z --stdin [2ms]
